\BOOKMARK [1][-]{section.1}{\376\377\000I\000n\000t\000r\000o\000d\000u\000z\000i\000o\000n\000e}{}% 1
\BOOKMARK [2][-]{subsection.1.1}{\376\377\000O\000b\000i\000e\000t\000t\000i\000v\000o\000\040\000d\000e\000l\000\040\000d\000o\000c\000u\000m\000e\000n\000t\000o}{section.1}% 2
\BOOKMARK [2][-]{subsection.1.2}{\376\377\000G\000l\000o\000s\000s\000a\000r\000i\000o}{section.1}% 3
\BOOKMARK [2][-]{subsection.1.3}{\376\377\000R\000i\000f\000e\000r\000i\000m\000e\000n\000t\000i}{section.1}% 4
\BOOKMARK [3][-]{subsubsection.1.3.1}{\376\377\000R\000i\000f\000e\000r\000i\000m\000e\000n\000t\000i\000\040\000n\000o\000r\000m\000a\000t\000i\000v\000i}{subsection.1.3}% 5
\BOOKMARK [3][-]{subsubsection.1.3.2}{\376\377\000R\000i\000f\000e\000r\000i\000m\000e\000n\000t\000i\000\040\000i\000n\000f\000o\000r\000m\000a\000t\000i\000v\000i}{subsection.1.3}% 6
\BOOKMARK [1][-]{section.2}{\376\377\000M\000e\000t\000r\000i\000c\000h\000e\000\040\000d\000i\000\040\000q\000u\000a\000l\000i\000t\000\340\000\040\000p\000e\000r\000\040\000o\000b\000i\000e\000t\000t\000i\000v\000o}{}% 7
\BOOKMARK [2][-]{subsection.2.1}{\376\377\000P\000r\000o\000c\000e\000s\000s\000i\000\040\000d\000i\000\040\000b\000a\000s\000e\000\040\000e\000/\000o\000\040\000p\000r\000i\000m\000a\000r\000i}{section.2}% 8
\BOOKMARK [3][-]{subsubsection.2.1.1}{\376\377\000A\000n\000a\000l\000i\000s\000i\000\040\000d\000e\000i\000\040\000r\000e\000q\000u\000i\000s\000i\000t\000i}{subsection.2.1}% 9
\BOOKMARK [3][-]{subsubsection.2.1.2}{\376\377\000P\000r\000o\000g\000e\000t\000t\000a\000z\000i\000o\000n\000e}{subsection.2.1}% 10
\BOOKMARK [4][-]{subsubsubsection.2.1.2.1}{\376\377\000U\000s\000a\000b\000i\000l\000i\000t\000\340}{subsubsection.2.1.2}% 11
\BOOKMARK [4][-]{subsubsubsection.2.1.2.2}{\376\377\000M\000a\000n\000u\000t\000e\000n\000i\000b\000i\000l\000i\000t\000\340}{subsubsection.2.1.2}% 12
\BOOKMARK [3][-]{subsubsection.2.1.3}{\376\377\000F\000o\000r\000n\000i\000t\000u\000r\000a}{subsection.2.1}% 13
\BOOKMARK [3][-]{subsubsection.2.1.4}{\376\377\000S\000v\000i\000l\000u\000p\000p\000o}{subsection.2.1}% 14
\BOOKMARK [4][-]{subsubsubsection.2.1.4.1}{\376\377\000C\000o\000m\000p\000l\000e\000s\000s\000i\000t\000\340\000\040\000e\000\040\000s\000t\000r\000u\000t\000t\000u\000r\000a\000\040\000d\000e\000l\000\040\000c\000o\000d\000i\000c\000e}{subsubsection.2.1.4}% 15
\BOOKMARK [4][-]{subsubsubsection.2.1.4.2}{\376\377\000E\000f\000f\000i\000c\000i\000e\000n\000z\000a}{subsubsection.2.1.4}% 16
\BOOKMARK [2][-]{subsection.2.2}{\376\377\000P\000r\000o\000c\000e\000s\000s\000i\000\040\000d\000i\000\040\000s\000u\000p\000p\000o\000r\000t\000o}{section.2}% 17
\BOOKMARK [2][-]{subsection.2.3}{\376\377\000D\000o\000c\000u\000m\000e\000n\000t\000a\000z\000i\000o\000n\000e}{section.2}% 18
\BOOKMARK [2][-]{subsection.2.4}{\376\377\000V\000e\000r\000i\000f\000i\000c\000a}{section.2}% 19
\BOOKMARK [2][-]{subsection.2.5}{\376\377\000G\000e\000s\000t\000i\000o\000n\000e\000\040\000d\000e\000i\000\040\000r\000i\000s\000c\000h\000i}{section.2}% 20
\BOOKMARK [2][-]{subsection.2.6}{\376\377\000G\000e\000s\000t\000i\000o\000n\000e\000\040\000d\000e\000l\000l\000a\000\040\000Q\000u\000a\000l\000i\000t\000\340}{section.2}% 21
\BOOKMARK [2][-]{subsection.2.7}{\376\377\000P\000r\000o\000c\000e\000s\000s\000i\000\040\000o\000r\000g\000a\000n\000i\000z\000z\000a\000t\000i\000v\000i}{section.2}% 22
\BOOKMARK [2][-]{subsection.2.8}{\376\377\000P\000i\000a\000n\000i\000f\000i\000c\000a\000z\000i\000o\000n\000e}{section.2}% 23
\BOOKMARK [1][-]{section.3}{\376\377\000M\000e\000t\000o\000d\000o\000l\000o\000g\000i\000e\000\040\000d\000i\000\040\000t\000e\000s\000t\000i\000n\000g}{}% 24
\BOOKMARK [2][-]{subsection.3.1}{\376\377\000C\000o\000d\000i\000c\000e\000\040\000d\000e\000i\000\040\000t\000e\000s\000t}{section.3}% 25
\BOOKMARK [2][-]{subsection.3.2}{\376\377\000T\000e\000s\000t\000\040\000d\000i\000\040\000u\000n\000i\000t\000\340}{section.3}% 26
\BOOKMARK [2][-]{subsection.3.3}{\376\377\000T\000e\000s\000t\000\040\000d\000i\000\040\000i\000n\000t\000e\000g\000r\000a\000z\000i\000o\000n\000e}{section.3}% 27
\BOOKMARK [2][-]{subsection.3.4}{\376\377\000T\000e\000s\000t\000\040\000d\000i\000\040\000s\000i\000s\000t\000e\000m\000a}{section.3}% 28
\BOOKMARK [2][-]{subsection.3.5}{\376\377\000T\000e\000s\000t\000\040\000d\000i\000\040\000r\000e\000g\000r\000e\000s\000s\000i\000o\000n\000e}{section.3}% 29
\BOOKMARK [2][-]{subsection.3.6}{\376\377\000T\000e\000s\000t\000\040\000d\000i\000\040\000a\000c\000c\000e\000t\000t\000a\000z\000i\000o\000n\000e}{section.3}% 30
\BOOKMARK [1][-]{section.4}{\376\377\000C\000r\000u\000s\000c\000o\000t\000t\000o\000\040\000d\000i\000\040\000v\000a\000l\000u\000t\000a\000z\000i\000o\000n\000e\000\040\000d\000e\000l\000l\000a\000\040\000q\000u\000a\000l\000i\000t\000\340}{}% 31
\BOOKMARK [2][-]{subsection.4.1}{\376\377\0008\000M\000-\000E\000V\000\040\000-\000\040\000E\000a\000r\000n\000e\000d\000\040\000V\000a\000l\000u\000e\000\040\000\050\000E\000V\000\051\000\040\000e\000\040\0009\000M\000-\000P\000V\000\040\000-\000\040\000P\000l\000a\000n\000n\000e\000d\000\040\000V\000a\000l\000u\000e\000\040\000\050\000P\000V\000\051}{section.4}% 32
\BOOKMARK [2][-]{subsection.4.2}{\376\377\0001\0000\000M\000-\000A\000C\000\040\000-\000\040\000A\000c\000t\000u\000a\000l\000\040\000C\000o\000s\000t\000\040\000\050\000A\000C\000\051\000\040\000e\000\040\0001\0003\000M\000-\000E\000T\000C\000\040\000-\000\040\000E\000s\000t\000i\000m\000a\000t\000e\000\040\000t\000o\000\040\000C\000o\000m\000p\000l\000e\000t\000e\000\040\000\050\000E\000T\000C\000\051}{section.4}% 33
\BOOKMARK [2][-]{subsection.4.3}{\376\377\0001\0001\000M\000-\000C\000V\000\040\000-\000\040\000C\000o\000s\000t\000\040\000V\000a\000r\000i\000a\000n\000c\000e\000\040\000\050\000C\000V\000\051\000\040\000e\000\040\0003\0002\000M\000-\000S\000V\000\040\000-\000\040\000S\000c\000h\000e\000d\000u\000l\000e\000\040\000V\000a\000r\000i\000a\000n\000c\000e\000\040\000\050\000S\000V\000\051}{section.4}% 34
\BOOKMARK [2][-]{subsection.4.4}{\376\377\0001\0002\000M\000-\000E\000A\000C\000\040\000-\000\040\000E\000s\000t\000i\000m\000a\000t\000e\000d\000\040\000a\000t\000\040\000C\000o\000m\000p\000l\000e\000t\000i\000o\000n\000\050\000E\000A\000C\000\051}{section.4}% 35
\BOOKMARK [2][-]{subsection.4.5}{\376\377\0003\0001\000M\000-\000R\000S\000I\000\040\000-\000\040\000R\000e\000q\000u\000i\000r\000e\000m\000e\000n\000t\000s\000\040\000s\000t\000a\000b\000i\000l\000i\000t\000y\000\040\000i\000n\000d\000e\000x\000\040\000\050\000R\000S\000I\000\051}{section.4}% 36
\BOOKMARK [2][-]{subsection.4.6}{\376\377\0002\0001\000M\000-\000I\000G\000\040\000-\000\040\000I\000n\000d\000i\000c\000e\000\040\000G\000u\000l\000p\000e\000a\000s\000e}{section.4}% 37
\BOOKMARK [2][-]{subsection.4.7}{\376\377\0002\0002\000M\000-\000C\000O\000\040\000-\000\040\000C\000o\000r\000r\000e\000t\000t\000e\000z\000z\000a\000\040\000O\000r\000t\000o\000g\000r\000a\000f\000i\000c\000a}{section.4}% 38
\BOOKMARK [2][-]{subsection.4.8}{\376\377\0002\0009\000M\000-\000Q\000M\000S\000\040\000-\000\040\000Q\000u\000a\000l\000i\000t\000y\000\040\000M\000e\000t\000r\000i\000c\000s\000\040\000S\000a\000t\000i\000s\000f\000i\000e\000d}{section.4}% 39
\BOOKMARK [2][-]{subsection.4.9}{\376\377\0002\0008\000M\000-\000N\000C\000R\000\040\000-\000\040\000N\000o\000n\000-\000C\000a\000l\000c\000u\000l\000a\000t\000e\000d\000\040\000R\000i\000s\000k}{section.4}% 40
\BOOKMARK [2][-]{subsection.4.10}{\376\377\0003\0000\000M\000-\000T\000E\000\040\000-\000\040\000E\000f\000f\000i\000c\000i\000e\000n\000z\000a\000\040\000T\000e\000m\000p\000o\000r\000a\000l\000e}{section.4}% 41
\BOOKMARK [1][-]{section.5}{\376\377\000I\000n\000i\000z\000i\000a\000t\000i\000v\000e\000\040\000d\000i\000\040\000a\000u\000t\000o\000m\000i\000g\000l\000i\000o\000r\000a\000m\000e\000n\000t\000o\000\040\000p\000e\000r\000\040\000l\000a\000\040\000q\000u\000a\000l\000i\000t\000\340}{}% 42
\BOOKMARK [2][-]{subsection.5.1}{\376\377\000I\000n\000t\000r\000o\000d\000u\000z\000i\000o\000n\000e}{section.5}% 43
\BOOKMARK [2][-]{subsection.5.2}{\376\377\000P\000r\000o\000b\000l\000e\000m\000i\000\040\000l\000e\000a\000g\000a\000t\000i\000\040\000a\000l\000l\040\031\000o\000r\000g\000a\000n\000i\000z\000z\000a\000z\000i\000o\000n\000e\000\040\000g\000e\000n\000e\000r\000a\000l\000e}{section.5}% 44
\BOOKMARK [2][-]{subsection.5.3}{\376\377\000V\000a\000l\000u\000t\000a\000z\000i\000o\000n\000e\000\040\000s\000u\000i\000\040\000r\000u\000o\000l\000i}{section.5}% 45
\BOOKMARK [2][-]{subsection.5.4}{\376\377\000V\000a\000l\000u\000t\000a\000z\000i\000o\000n\000e\000\040\000s\000u\000g\000l\000i\000\040\000s\000t\000r\000u\000m\000e\000n\000t\000i}{section.5}% 46
\BOOKMARK [2][-]{subsection.5.5}{\376\377\000C\000o\000n\000s\000i\000d\000e\000r\000a\000z\000i\000o\000n\000i\000\040\000f\000i\000n\000a\000l\000i\000\040\000s\000u\000l\000\040\000m\000i\000g\000l\000i\000o\000r\000a\000m\000e\000n\000t\000o}{section.5}% 47
\BOOKMARK [3][-]{subsubsection.5.5.1}{\376\377\000A\000n\000a\000l\000i\000s\000i\000\040\000d\000e\000l\000l\000a\000\040\000p\000r\000a\000t\000i\000c\000h\000e\000\040\000s\000e\000g\000u\000i\000t\000e}{subsection.5.5}% 48
\BOOKMARK [3][-]{subsubsection.5.5.2}{\376\377\000V\000a\000l\000u\000t\000a\000z\000i\000o\000n\000i\000\040\000g\000e\000n\000e\000r\000a\000l\000i\000\040\000s\000u\000i\000\040\000m\000i\000g\000l\000i\000o\000r\000a\000m\000e\000n\000t\000i\000\040\000c\000o\000n\000s\000e\000g\000u\000i\000t\000i}{subsection.5.5}% 49
\BOOKMARK [3][-]{subsubsection.5.5.3}{\376\377\000V\000a\000l\000u\000t\000a\000z\000i\000o\000n\000i\000\040\000s\000p\000e\000c\000i\000f\000i\000c\000h\000e\000\040\000s\000u\000i\000\040\000m\000i\000g\000l\000i\000o\000r\000a\000m\000e\000n\000t\000i\000\040\000n\000e\000i\000\040\000p\000r\000o\000c\000e\000s\000s\000i}{subsection.5.5}% 50
\BOOKMARK [4][-]{subsubsubsection.5.5.3.1}{\376\377\000G\000e\000s\000t\000i\000o\000n\000e\000\040\000d\000e\000l\000l\000e\000\040\000c\000o\000m\000u\000n\000i\000c\000a\000z\000i\000o\000n\000i\000\040\000e\000\040\000d\000e\000g\000l\000i\000\040\000i\000n\000c\000o\000n\000t\000r\000i}{subsubsection.5.5.3}% 51
\BOOKMARK [4][-]{subsubsubsection.5.5.3.2}{\376\377\000P\000i\000a\000n\000i\000f\000i\000c\000a\000z\000i\000o\000n\000e}{subsubsection.5.5.3}% 52
