\BOOKMARK [1][-]{section.1}{\376\377\000I\000n\000t\000r\000o\000d\000u\000z\000i\000o\000n\000e}{}% 1
\BOOKMARK [2][-]{subsection.1.1}{\376\377\000S\000c\000o\000p\000o\000\040\000d\000e\000l\000\040\000d\000o\000c\000u\000m\000e\000n\000t\000o}{section.1}% 2
\BOOKMARK [2][-]{subsection.1.2}{\376\377\000S\000c\000o\000p\000o\000\040\000d\000e\000l\000\040\000p\000r\000o\000d\000o\000t\000t\000o}{section.1}% 3
\BOOKMARK [2][-]{subsection.1.3}{\376\377\000G\000l\000o\000s\000s\000a\000r\000i\000o}{section.1}% 4
\BOOKMARK [2][-]{subsection.1.4}{\376\377\000R\000i\000f\000e\000r\000i\000m\000e\000n\000t\000i}{section.1}% 5
\BOOKMARK [3][-]{subsubsection.1.4.1}{\376\377\000N\000o\000r\000m\000a\000t\000i\000v\000i}{subsection.1.4}% 6
\BOOKMARK [3][-]{subsubsection.1.4.2}{\376\377\000I\000n\000f\000o\000r\000m\000a\000t\000i\000v\000i}{subsection.1.4}% 7
\BOOKMARK [2][-]{subsection.1.5}{\376\377\000P\000r\000e\000v\000e\000n\000t\000i\000v\000o\000\040\000i\000n\000i\000z\000i\000a\000l\000e}{section.1}% 8
\BOOKMARK [1][-]{section.2}{\376\377\000A\000n\000a\000l\000i\000s\000i\000\040\000d\000e\000i\000\040\000r\000i\000s\000c\000h\000i}{}% 9
\BOOKMARK [2][-]{subsection.2.1}{\376\377\000R\000i\000s\000c\000h\000i\000\040\000o\000r\000g\000a\000n\000i\000z\000z\000a\000t\000i\000v\000i}{section.2}% 10
\BOOKMARK [2][-]{subsection.2.2}{\376\377\000R\000i\000s\000c\000h\000i\000\040\000t\000e\000c\000n\000o\000l\000o\000g\000i\000c\000i}{section.2}% 11
\BOOKMARK [2][-]{subsection.2.3}{\376\377\000R\000i\000s\000c\000h\000i\000\040\000c\000o\000m\000u\000n\000i\000c\000a\000t\000i\000v\000i}{section.2}% 12
\BOOKMARK [1][-]{section.3}{\376\377\000C\000a\000l\000e\000n\000d\000a\000r\000i\000o\000\040\000d\000i\000\040\000p\000r\000o\000g\000e\000t\000t\000o}{}% 13
\BOOKMARK [2][-]{subsection.3.1}{\376\377\000I\000n\000t\000r\000o\000d\000u\000z\000i\000o\000n\000e}{section.3}% 14
\BOOKMARK [2][-]{subsection.3.2}{\376\377\000P\000r\000i\000m\000a\000\040\000s\000t\000e\000s\000u\000r\000a\000\040\0002\0000\0002\0004\000-\0000\0003\000-\0002\0008}{section.3}% 15
\BOOKMARK [2][-]{subsection.3.3}{\376\377\000S\000e\000c\000o\000n\000d\000a\000\040\000s\000t\000e\000s\000u\000r\000a\000\040\000D\000A\000T\000A\000\040\000D\000A\000\040\000D\000E\000F\000I\000N\000I\000R\000E}{section.3}% 16
\BOOKMARK [1][-]{section.4}{\376\377\000S\000t\000i\000m\000a\000\040\000c\000o\000s\000t\000i\000\040\000r\000e\000a\000l\000i\000z\000z\000a\000z\000i\000o\000n\000e}{}% 17
\BOOKMARK [2][-]{subsection.4.1}{\376\377\000I\000n\000t\000r\000o\000d\000u\000z\000i\000o\000n\000e}{section.4}% 18
\BOOKMARK [2][-]{subsection.4.2}{\376\377\000P\000r\000i\000m\000a\000\040\000s\000t\000e\000s\000u\000r\000a\000\040\0002\0000\0002\0004\000-\0000\0003\000-\0002\0008}{section.4}% 19
\BOOKMARK [1][-]{section.5}{\376\377\000P\000i\000a\000n\000i\000f\000i\000c\000a\000z\000i\000o\000n\000e}{}% 20
\BOOKMARK [2][-]{subsection.5.1}{\376\377\000M\000o\000d\000e\000l\000l\000o\000\040\000a\000d\000o\000t\000t\000a\000t\000o}{section.5}% 21
\BOOKMARK [2][-]{subsection.5.2}{\376\377\000V\000a\000n\000t\000a\000g\000g\000i\000\040\000a\000d\000o\000z\000i\000o\000n\000e\000\040\000d\000e\000l\000l\000o\000\040\000S\000c\000r\000u\000m}{section.5}% 22
\BOOKMARK [2][-]{subsection.5.3}{\376\377\000G\000e\000s\000t\000i\000o\000n\000e\000\040\000e\000\040\000m\000o\000n\000i\000t\000o\000r\000a\000g\000g\000i\000o\000\040\000d\000e\000l\000\040\000p\000r\000o\000g\000e\000t\000t\000o}{section.5}% 23
\BOOKMARK [2][-]{subsection.5.4}{\376\377\000P\000e\000r\000i\000o\000d\000i}{section.5}% 24
\BOOKMARK [2][-]{subsection.5.5}{\376\377\000R\000e\000q\000u\000i\000r\000e\000m\000e\000n\000t\000s\000\040\000a\000n\000d\000\040\000T\000e\000c\000h\000n\000o\000l\000o\000g\000y\000\040\000B\000a\000s\000e\000l\000i\000n\000e}{section.5}% 25
\BOOKMARK [3][-]{subsubsection.5.5.1}{\376\377\000P\000r\000i\000m\000o\000\040\000s\000p\000r\000i\000n\000t\000:}{subsection.5.5}% 26
\BOOKMARK [4][-]{subsubsubsection.5.5.1.1}{\376\377\000P\000i\000a\000n\000i\000f\000i\000c\000a\000z\000i\000o\000n\000e}{subsubsection.5.5.1}% 27
\BOOKMARK [5][-]{subsubsubsubsection.5.5.1.1.1}{\376\377\000R\000i\000s\000c\000h\000i\000\040\000a\000t\000t\000e\000s\000i}{subsubsubsection.5.5.1.1}% 28
\BOOKMARK [4][-]{subsubsubsection.5.5.1.2}{\376\377\000P\000r\000e\000v\000e\000n\000t\000i\000v\000o}{subsubsection.5.5.1}% 29
\BOOKMARK [4][-]{subsubsubsection.5.5.1.3}{\376\377\000C\000o\000n\000s\000u\000n\000t\000i\000v\000o}{subsubsection.5.5.1}% 30
\BOOKMARK [5][-]{subsubsubsubsection.5.5.1.3.1}{\376\377\000P\000r\000o\000s\000p\000e\000t\000t\000o\000\040\000o\000r\000a\000r\000i\000o}{subsubsubsection.5.5.1.3}% 31
\BOOKMARK [5][-]{subsubsubsubsection.5.5.1.3.2}{\376\377\000P\000r\000o\000s\000p\000e\000t\000t\000o\000\040\000e\000c\000o\000n\000o\000m\000i\000c\000o}{subsubsubsection.5.5.1.3}% 32
\BOOKMARK [5][-]{subsubsubsubsection.5.5.1.3.3}{\376\377\000R\000i\000s\000c\000h\000i\000\040\000e\000f\000f\000e\000t\000t\000i\000v\000a\000m\000e\000n\000t\000e\000\040\000o\000c\000c\000o\000r\000s\000i\000\040\000e\000\040\000l\000o\000r\000o\000\040\000m\000i\000t\000i\000g\000a\000z\000i\000o\000n\000e}{subsubsubsection.5.5.1.3}% 33
\BOOKMARK [4][-]{subsubsubsection.5.5.1.4}{\376\377\000R\000e\000t\000r\000o\000s\000p\000e\000t\000t\000i\000v\000a}{subsubsection.5.5.1}% 34
\BOOKMARK [3][-]{subsubsection.5.5.2}{\376\377\000S\000e\000c\000o\000n\000d\000o\000\040\000s\000p\000r\000i\000n\000t\000:}{subsection.5.5}% 35
\BOOKMARK [4][-]{subsubsubsection.5.5.2.1}{\376\377\000P\000i\000a\000n\000i\000f\000i\000c\000a\000z\000i\000o\000n\000e}{subsubsection.5.5.2}% 36
\BOOKMARK [5][-]{subsubsubsubsection.5.5.2.1.1}{\376\377\000R\000i\000s\000c\000h\000i\000\040\000a\000t\000t\000e\000s\000i}{subsubsubsection.5.5.2.1}% 37
\BOOKMARK [4][-]{subsubsubsection.5.5.2.2}{\376\377\000P\000r\000e\000v\000e\000n\000t\000i\000v\000o}{subsubsection.5.5.2}% 38
\BOOKMARK [4][-]{subsubsubsection.5.5.2.3}{\376\377\000C\000o\000n\000s\000u\000n\000t\000i\000v\000o}{subsubsection.5.5.2}% 39
\BOOKMARK [5][-]{subsubsubsubsection.5.5.2.3.1}{\376\377\000P\000r\000o\000s\000p\000e\000t\000t\000o\000\040\000o\000r\000a\000r\000i\000o}{subsubsubsection.5.5.2.3}% 40
\BOOKMARK [5][-]{subsubsubsubsection.5.5.2.3.2}{\376\377\000P\000r\000o\000s\000p\000e\000t\000t\000o\000\040\000e\000c\000o\000n\000o\000m\000i\000c\000o}{subsubsubsection.5.5.2.3}% 41
\BOOKMARK [5][-]{subsubsubsubsection.5.5.2.3.3}{\376\377\000R\000i\000s\000c\000h\000i\000\040\000e\000f\000f\000e\000t\000t\000i\000v\000a\000m\000e\000n\000t\000e\000\040\000o\000c\000c\000o\000r\000s\000i\000\040\000e\000\040\000l\000o\000r\000o\000\040\000m\000i\000t\000i\000g\000a\000z\000i\000o\000n\000e}{subsubsubsection.5.5.2.3}% 42
\BOOKMARK [4][-]{subsubsubsection.5.5.2.4}{\376\377\000R\000e\000t\000r\000o\000s\000p\000e\000t\000t\000i\000v\000a}{subsubsection.5.5.2}% 43
\BOOKMARK [3][-]{subsubsection.5.5.3}{\376\377\000T\000e\000r\000z\000o\000\040\000s\000p\000r\000i\000n\000t\000:}{subsection.5.5}% 44
\BOOKMARK [4][-]{subsubsubsection.5.5.3.1}{\376\377\000P\000i\000a\000n\000i\000f\000i\000c\000a\000z\000i\000o\000n\000e}{subsubsection.5.5.3}% 45
\BOOKMARK [5][-]{subsubsubsubsection.5.5.3.1.1}{\376\377\000R\000i\000s\000c\000h\000i\000\040\000a\000t\000t\000e\000s\000i}{subsubsubsection.5.5.3.1}% 46
\BOOKMARK [4][-]{subsubsubsection.5.5.3.2}{\376\377\000P\000r\000e\000v\000e\000n\000t\000i\000v\000o}{subsubsection.5.5.3}% 47
\BOOKMARK [4][-]{subsubsubsection.5.5.3.3}{\376\377\000C\000o\000n\000s\000u\000n\000t\000i\000v\000o}{subsubsection.5.5.3}% 48
\BOOKMARK [5][-]{subsubsubsubsection.5.5.3.3.1}{\376\377\000P\000r\000o\000s\000p\000e\000t\000t\000o\000\040\000o\000r\000a\000r\000i\000o}{subsubsubsection.5.5.3.3}% 49
\BOOKMARK [5][-]{subsubsubsubsection.5.5.3.3.2}{\376\377\000P\000r\000o\000s\000p\000e\000t\000t\000o\000\040\000e\000c\000o\000n\000o\000m\000i\000c\000o}{subsubsubsection.5.5.3.3}% 50
\BOOKMARK [5][-]{subsubsubsubsection.5.5.3.3.3}{\376\377\000R\000i\000s\000c\000h\000i\000\040\000e\000f\000f\000e\000t\000t\000i\000v\000a\000m\000e\000n\000t\000e\000\040\000o\000c\000c\000o\000r\000s\000i\000\040\000e\000\040\000l\000o\000r\000o\000\040\000m\000i\000t\000i\000g\000a\000z\000i\000o\000n\000e}{subsubsubsection.5.5.3.3}% 51
\BOOKMARK [4][-]{subsubsubsection.5.5.3.4}{\376\377\000R\000e\000t\000r\000o\000s\000p\000e\000t\000t\000i\000v\000a}{subsubsection.5.5.3}% 52
\BOOKMARK [3][-]{subsubsection.5.5.4}{\376\377\000Q\000u\000a\000r\000t\000o\000\040\000s\000p\000r\000i\000n\000t\000:}{subsection.5.5}% 53
\BOOKMARK [4][-]{subsubsubsection.5.5.4.1}{\376\377\000P\000i\000a\000n\000i\000f\000i\000c\000a\000z\000i\000o\000n\000e}{subsubsection.5.5.4}% 54
\BOOKMARK [5][-]{subsubsubsubsection.5.5.4.1.1}{\376\377\000R\000i\000s\000c\000h\000i\000\040\000a\000t\000t\000e\000s\000i}{subsubsubsection.5.5.4.1}% 55
\BOOKMARK [4][-]{subsubsubsection.5.5.4.2}{\376\377\000P\000r\000e\000v\000e\000n\000t\000i\000v\000o}{subsubsection.5.5.4}% 56
\BOOKMARK [4][-]{subsubsubsection.5.5.4.3}{\376\377\000C\000o\000n\000s\000u\000n\000t\000i\000v\000o}{subsubsection.5.5.4}% 57
\BOOKMARK [5][-]{subsubsubsubsection.5.5.4.3.1}{\376\377\000P\000r\000o\000s\000p\000e\000t\000t\000o\000\040\000o\000r\000a\000r\000i\000o}{subsubsubsection.5.5.4.3}% 58
\BOOKMARK [5][-]{subsubsubsubsection.5.5.4.3.2}{\376\377\000P\000r\000o\000s\000p\000e\000t\000t\000o\000\040\000e\000c\000o\000n\000o\000m\000i\000c\000o}{subsubsubsection.5.5.4.3}% 59
\BOOKMARK [5][-]{subsubsubsubsection.5.5.4.3.3}{\376\377\000R\000i\000s\000c\000h\000i\000\040\000e\000f\000f\000e\000t\000t\000i\000v\000a\000m\000e\000n\000t\000e\000\040\000o\000c\000c\000o\000r\000s\000i\000\040\000e\000\040\000l\000o\000r\000o\000\040\000m\000i\000t\000i\000g\000a\000z\000i\000o\000n\000e}{subsubsubsection.5.5.4.3}% 60
\BOOKMARK [4][-]{subsubsubsection.5.5.4.4}{\376\377\000R\000e\000t\000r\000o\000s\000p\000e\000t\000t\000i\000v\000a}{subsubsection.5.5.4}% 61
\BOOKMARK [3][-]{subsubsection.5.5.5}{\376\377\000Q\000u\000i\000n\000t\000o\000\040\000s\000p\000r\000i\000n\000t\000:}{subsection.5.5}% 62
\BOOKMARK [4][-]{subsubsubsection.5.5.5.1}{\376\377\000P\000i\000a\000n\000i\000f\000i\000c\000a\000z\000i\000o\000n\000e}{subsubsection.5.5.5}% 63
\BOOKMARK [5][-]{subsubsubsubsection.5.5.5.1.1}{\376\377\000R\000i\000s\000c\000h\000i\000\040\000a\000t\000t\000e\000s\000i}{subsubsubsection.5.5.5.1}% 64
\BOOKMARK [4][-]{subsubsubsection.5.5.5.2}{\376\377\000P\000r\000e\000v\000e\000n\000t\000i\000v\000o}{subsubsection.5.5.5}% 65
\BOOKMARK [4][-]{subsubsubsection.5.5.5.3}{\376\377\000C\000o\000n\000s\000u\000n\000t\000i\000v\000o}{subsubsection.5.5.5}% 66
\BOOKMARK [5][-]{subsubsubsubsection.5.5.5.3.1}{\376\377\000P\000r\000o\000s\000p\000e\000t\000t\000o\000\040\000o\000r\000a\000r\000i\000o}{subsubsubsection.5.5.5.3}% 67
\BOOKMARK [5][-]{subsubsubsubsection.5.5.5.3.2}{\376\377\000P\000r\000o\000s\000p\000e\000t\000t\000o\000\040\000e\000c\000o\000n\000o\000m\000i\000c\000o}{subsubsubsection.5.5.5.3}% 68
\BOOKMARK [5][-]{subsubsubsubsection.5.5.5.3.3}{\376\377\000R\000i\000s\000c\000h\000i\000\040\000e\000f\000f\000e\000t\000t\000i\000v\000a\000m\000e\000n\000t\000e\000\040\000o\000c\000c\000o\000r\000s\000i\000\040\000e\000\040\000l\000o\000r\000o\000\040\000m\000i\000t\000i\000g\000a\000z\000i\000o\000n\000e}{subsubsubsection.5.5.5.3}% 69
\BOOKMARK [4][-]{subsubsubsection.5.5.5.4}{\376\377\000R\000e\000t\000r\000o\000s\000p\000e\000t\000t\000i\000v\000a}{subsubsection.5.5.5}% 70
\BOOKMARK [3][-]{subsubsection.5.5.6}{\376\377\000S\000e\000s\000t\000o\000\040\000s\000p\000r\000i\000n\000t\000:}{subsection.5.5}% 71
\BOOKMARK [4][-]{subsubsubsection.5.5.6.1}{\376\377\000P\000i\000a\000n\000i\000f\000i\000c\000a\000z\000i\000o\000n\000e}{subsubsection.5.5.6}% 72
\BOOKMARK [5][-]{subsubsubsubsection.5.5.6.1.1}{\376\377\000R\000i\000s\000c\000h\000i\000\040\000a\000t\000t\000e\000s\000i}{subsubsubsection.5.5.6.1}% 73
\BOOKMARK [4][-]{subsubsubsection.5.5.6.2}{\376\377\000P\000r\000e\000v\000e\000n\000t\000i\000v\000o}{subsubsection.5.5.6}% 74
\BOOKMARK [4][-]{subsubsubsection.5.5.6.3}{\376\377\000C\000o\000n\000s\000u\000n\000t\000i\000v\000o}{subsubsection.5.5.6}% 75
\BOOKMARK [5][-]{subsubsubsubsection.5.5.6.3.1}{\376\377\000P\000r\000o\000s\000p\000e\000t\000t\000o\000\040\000o\000r\000a\000r\000i\000o}{subsubsubsection.5.5.6.3}% 76
\BOOKMARK [5][-]{subsubsubsubsection.5.5.6.3.2}{\376\377\000P\000r\000o\000s\000p\000e\000t\000t\000o\000\040\000e\000c\000o\000n\000o\000m\000i\000c\000o}{subsubsubsection.5.5.6.3}% 77
\BOOKMARK [5][-]{subsubsubsubsection.5.5.6.3.3}{\376\377\000R\000i\000s\000c\000h\000i\000\040\000e\000f\000f\000e\000t\000t\000i\000v\000a\000m\000e\000n\000t\000e\000\040\000o\000c\000c\000o\000r\000s\000i\000\040\000e\000\040\000l\000o\000r\000o\000\040\000m\000i\000t\000i\000g\000a\000z\000i\000o\000n\000e}{subsubsubsection.5.5.6.3}% 78
\BOOKMARK [4][-]{subsubsubsection.5.5.6.4}{\376\377\000R\000e\000t\000r\000o\000s\000p\000e\000t\000t\000i\000v\000a}{subsubsection.5.5.6}% 79
\BOOKMARK [3][-]{subsubsection.5.5.7}{\376\377\000S\000e\000t\000t\000i\000m\000o\000\040\000s\000p\000r\000i\000n\000t\000:}{subsection.5.5}% 80
\BOOKMARK [4][-]{subsubsubsection.5.5.7.1}{\376\377\000P\000i\000a\000n\000i\000f\000i\000c\000a\000z\000i\000o\000n\000e}{subsubsection.5.5.7}% 81
\BOOKMARK [5][-]{subsubsubsubsection.5.5.7.1.1}{\376\377\000R\000i\000s\000c\000h\000i\000\040\000a\000t\000t\000e\000s\000i}{subsubsubsection.5.5.7.1}% 82
\BOOKMARK [4][-]{subsubsubsection.5.5.7.2}{\376\377\000P\000r\000e\000v\000e\000n\000t\000i\000v\000o}{subsubsection.5.5.7}% 83
\BOOKMARK [4][-]{subsubsubsection.5.5.7.3}{\376\377\000C\000o\000n\000s\000u\000n\000t\000i\000v\000o}{subsubsection.5.5.7}% 84
\BOOKMARK [5][-]{subsubsubsubsection.5.5.7.3.1}{\376\377\000P\000r\000o\000s\000p\000e\000t\000t\000o\000\040\000o\000r\000a\000r\000i\000o}{subsubsubsection.5.5.7.3}% 85
\BOOKMARK [5][-]{subsubsubsubsection.5.5.7.3.2}{\376\377\000P\000r\000o\000s\000p\000e\000t\000t\000o\000\040\000e\000c\000o\000n\000o\000m\000i\000c\000o}{subsubsubsection.5.5.7.3}% 86
\BOOKMARK [5][-]{subsubsubsubsection.5.5.7.3.3}{\376\377\000R\000i\000s\000c\000h\000i\000\040\000e\000f\000f\000e\000t\000t\000i\000v\000a\000m\000e\000n\000t\000e\000\040\000o\000c\000c\000o\000r\000s\000i\000\040\000e\000\040\000l\000o\000r\000o\000\040\000m\000i\000t\000i\000g\000a\000z\000i\000o\000n\000e}{subsubsubsection.5.5.7.3}% 87
\BOOKMARK [4][-]{subsubsubsection.5.5.7.4}{\376\377\000R\000e\000t\000r\000o\000s\000p\000e\000t\000t\000i\000v\000a}{subsubsection.5.5.7}% 88
\BOOKMARK [3][-]{subsubsection.5.5.8}{\376\377\000S\000o\000m\000m\000a\000r\000i\000o\000\040\000f\000i\000n\000a\000l\000e}{subsection.5.5}% 89
\BOOKMARK [4][-]{subsubsubsection.5.5.8.1}{\376\377\000R\000i\000e\000p\000i\000l\000o\000g\000o\000\040\000p\000r\000o\000s\000p\000e\000t\000t\000o\000\040\000o\000r\000a\000r\000i\000o}{subsubsection.5.5.8}% 90
\BOOKMARK [5][-]{subsubsubsubsection.5.5.8.1.1}{\376\377\000O\000r\000e\000\040\000c\000o\000n\000s\000u\000m\000a\000t\000e}{subsubsubsection.5.5.8.1}% 91
\BOOKMARK [5][-]{subsubsubsubsection.5.5.8.1.2}{\376\377\000O\000r\000e\000\040\000r\000i\000m\000a\000n\000e\000n\000t\000i}{subsubsubsection.5.5.8.1}% 92
\BOOKMARK [4][-]{subsubsubsection.5.5.8.2}{\376\377\000R\000i\000e\000p\000i\000l\000o\000g\000o\000\040\000p\000r\000o\000s\000p\000e\000t\000t\000o\000\040\000e\000c\000o\000n\000o\000m\000i\000c\000o}{subsubsection.5.5.8}% 93
\BOOKMARK [4][-]{subsubsubsection.5.5.8.3}{\376\377\000C\000o\000s\000t\000i\000\040\000t\000o\000t\000a\000l\000i}{subsubsection.5.5.8}% 94
\BOOKMARK [2][-]{subsection.5.6}{\376\377\000T\000r\000a\000\040\000R\000T\000B\000\040\000e\000\040\000P\000B}{section.5}% 95
\BOOKMARK [3][-]{subsubsection.5.6.1}{\376\377\000O\000t\000t\000a\000v\000o\000\040\000p\000e\000r\000i\000o\000d\000o}{subsection.5.6}% 96
\BOOKMARK [4][-]{subsubsubsection.5.6.1.1}{\376\377\000P\000i\000a\000n\000i\000f\000i\000c\000a\000z\000i\000o\000n\000e}{subsubsection.5.6.1}% 97
\BOOKMARK [5][-]{subsubsubsubsection.5.6.1.1.1}{\376\377\000R\000i\000s\000c\000h\000i\000\040\000a\000t\000t\000e\000s\000i}{subsubsubsection.5.6.1.1}% 98
\BOOKMARK [4][-]{subsubsubsection.5.6.1.2}{\376\377\000P\000r\000e\000v\000e\000n\000t\000i\000v\000o}{subsubsection.5.6.1}% 99
\BOOKMARK [4][-]{subsubsubsection.5.6.1.3}{\376\377\000C\000o\000n\000s\000u\000n\000t\000i\000v\000o}{subsubsection.5.6.1}% 100
\BOOKMARK [5][-]{subsubsubsubsection.5.6.1.3.1}{\376\377\000P\000r\000o\000s\000p\000e\000t\000t\000o\000\040\000o\000r\000a\000r\000i\000o}{subsubsubsection.5.6.1.3}% 101
\BOOKMARK [5][-]{subsubsubsubsection.5.6.1.3.2}{\376\377\000P\000r\000o\000s\000p\000e\000t\000t\000o\000\040\000e\000c\000o\000n\000o\000m\000i\000c\000o}{subsubsubsection.5.6.1.3}% 102
\BOOKMARK [5][-]{subsubsubsubsection.5.6.1.3.3}{\376\377\000R\000i\000s\000c\000h\000i\000\040\000e\000f\000f\000e\000t\000t\000i\000v\000a\000m\000e\000n\000t\000e\000\040\000o\000c\000c\000o\000r\000s\000i\000\040\000e\000\040\000l\000o\000r\000o\000\040\000m\000i\000t\000i\000g\000a\000z\000i\000o\000n\000e}{subsubsubsection.5.6.1.3}% 103
\BOOKMARK [4][-]{subsubsubsection.5.6.1.4}{\376\377\000R\000e\000t\000r\000o\000s\000p\000e\000t\000t\000i\000v\000a}{subsubsection.5.6.1}% 104
