This is pdfTeX, Version 3.141592653-2.6-1.40.26 (TeX Live 2024) (preloaded format=pdflatex 2024.3.15)  19 APR 2024 15:20
entering extended mode
 restricted \write18 enabled.
 file:line:error style messages enabled.
 %&-line parsing enabled.
**/Users/tiozzomatteo/Desktop/SwE/docs/2_RTB/documentazione_interna/norme_di_progetto_v0.1/norme_di_progetto_v0.1
(/Users/tiozzomatteo/Desktop/SwE/docs/2_RTB/documentazione_interna/norme_di_progetto_v0.1/norme_di_progetto_v0.1.tex
LaTeX2e <2023-11-01> patch level 1
L3 programming layer <2024-02-20>
(/usr/local/texlive/2024/texmf-dist/tex/latex/base/article.cls
Document Class: article 2023/05/17 v1.4n Standard LaTeX document class
(/usr/local/texlive/2024/texmf-dist/tex/latex/base/size12.clo
File: size12.clo 2023/05/17 v1.4n Standard LaTeX file (size option)
)
\c@part=\count188
\c@section=\count189
\c@subsection=\count190
\c@subsubsection=\count191
\c@paragraph=\count192
\c@subparagraph=\count193
\c@figure=\count194
\c@table=\count195
\abovecaptionskip=\skip48
\belowcaptionskip=\skip49
\bibindent=\dimen140
) (./variables.tex) (./packages.tex (/usr/local/texlive/2024/texmf-dist/tex/latex/geometry/geometry.sty
Package: geometry 2020/01/02 v5.9 Page Geometry
 (/usr/local/texlive/2024/texmf-dist/tex/latex/graphics/keyval.sty
Package: keyval 2022/05/29 v1.15 key=value parser (DPC)
\KV@toks@=\toks17
) (/usr/local/texlive/2024/texmf-dist/tex/generic/iftex/ifvtex.sty
Package: ifvtex 2019/10/25 v1.7 ifvtex legacy package. Use iftex instead.
 (/usr/local/texlive/2024/texmf-dist/tex/generic/iftex/iftex.sty
Package: iftex 2022/02/03 v1.0f TeX engine tests
))
\Gm@cnth=\count196
\Gm@cntv=\count197
\c@Gm@tempcnt=\count198
\Gm@bindingoffset=\dimen141
\Gm@wd@mp=\dimen142
\Gm@odd@mp=\dimen143
\Gm@even@mp=\dimen144
\Gm@layoutwidth=\dimen145
\Gm@layoutheight=\dimen146
\Gm@layouthoffset=\dimen147
\Gm@layoutvoffset=\dimen148
\Gm@dimlist=\toks18
) (/usr/local/texlive/2024/texmf-dist/tex/latex/fancyhdr/fancyhdr.sty
Package: fancyhdr 2022/11/09 v4.1 Extensive control of page headers and footers
\f@nch@headwidth=\skip50
\f@nch@O@elh=\skip51
\f@nch@O@erh=\skip52
\f@nch@O@olh=\skip53
\f@nch@O@orh=\skip54
\f@nch@O@elf=\skip55
\f@nch@O@erf=\skip56
\f@nch@O@olf=\skip57
\f@nch@O@orf=\skip58
) (/usr/local/texlive/2024/texmf-dist/tex/latex/graphics/graphicx.sty
Package: graphicx 2021/09/16 v1.2d Enhanced LaTeX Graphics (DPC,SPQR)
 (/usr/local/texlive/2024/texmf-dist/tex/latex/graphics/graphics.sty
Package: graphics 2022/03/10 v1.4e Standard LaTeX Graphics (DPC,SPQR)
 (/usr/local/texlive/2024/texmf-dist/tex/latex/graphics/trig.sty
Package: trig 2021/08/11 v1.11 sin cos tan (DPC)
) (/usr/local/texlive/2024/texmf-dist/tex/latex/graphics-cfg/graphics.cfg
File: graphics.cfg 2016/06/04 v1.11 sample graphics configuration
)
Package graphics Info: Driver file: pdftex.def on input line 107.
 (/usr/local/texlive/2024/texmf-dist/tex/latex/graphics-def/pdftex.def
File: pdftex.def 2022/09/22 v1.2b Graphics/color driver for pdftex
))
\Gin@req@height=\dimen149
\Gin@req@width=\dimen150
) (/usr/local/texlive/2024/texmf-dist/tex/latex/hyperref/hyperref.sty
Package: hyperref 2024-01-20 v7.01h Hypertext links for LaTeX
 (/usr/local/texlive/2024/texmf-dist/tex/latex/kvsetkeys/kvsetkeys.sty
Package: kvsetkeys 2022-10-05 v1.19 Key value parser (HO)
) (/usr/local/texlive/2024/texmf-dist/tex/generic/kvdefinekeys/kvdefinekeys.sty
Package: kvdefinekeys 2019-12-19 v1.6 Define keys (HO)
) (/usr/local/texlive/2024/texmf-dist/tex/generic/pdfescape/pdfescape.sty
Package: pdfescape 2019/12/09 v1.15 Implements pdfTeX's escape features (HO)
 (/usr/local/texlive/2024/texmf-dist/tex/generic/ltxcmds/ltxcmds.sty
Package: ltxcmds 2023-12-04 v1.26 LaTeX kernel commands for general use (HO)
) (/usr/local/texlive/2024/texmf-dist/tex/generic/pdftexcmds/pdftexcmds.sty
Package: pdftexcmds 2020-06-27 v0.33 Utility functions of pdfTeX for LuaTeX (HO)
 (/usr/local/texlive/2024/texmf-dist/tex/generic/infwarerr/infwarerr.sty
Package: infwarerr 2019/12/03 v1.5 Providing info/warning/error messages (HO)
)
Package pdftexcmds Info: \pdf@primitive is available.
Package pdftexcmds Info: \pdf@ifprimitive is available.
Package pdftexcmds Info: \pdfdraftmode found.
)) (/usr/local/texlive/2024/texmf-dist/tex/latex/hycolor/hycolor.sty
Package: hycolor 2020-01-27 v1.10 Color options for hyperref/bookmark (HO)
) (/usr/local/texlive/2024/texmf-dist/tex/latex/auxhook/auxhook.sty
Package: auxhook 2019-12-17 v1.6 Hooks for auxiliary files (HO)
) (/usr/local/texlive/2024/texmf-dist/tex/latex/hyperref/nameref.sty
Package: nameref 2023-11-26 v2.56 Cross-referencing by name of section
 (/usr/local/texlive/2024/texmf-dist/tex/latex/refcount/refcount.sty
Package: refcount 2019/12/15 v3.6 Data extraction from label references (HO)
) (/usr/local/texlive/2024/texmf-dist/tex/generic/gettitlestring/gettitlestring.sty
Package: gettitlestring 2019/12/15 v1.6 Cleanup title references (HO)
 (/usr/local/texlive/2024/texmf-dist/tex/latex/kvoptions/kvoptions.sty
Package: kvoptions 2022-06-15 v3.15 Key value format for package options (HO)
))
\c@section@level=\count199
) (/usr/local/texlive/2024/texmf-dist/tex/latex/etoolbox/etoolbox.sty
Package: etoolbox 2020/10/05 v2.5k e-TeX tools for LaTeX (JAW)
\etb@tempcnta=\count266
)
\@linkdim=\dimen151
\Hy@linkcounter=\count267
\Hy@pagecounter=\count268
 (/usr/local/texlive/2024/texmf-dist/tex/latex/hyperref/pd1enc.def
File: pd1enc.def 2024-01-20 v7.01h Hyperref: PDFDocEncoding definition (HO)
Now handling font encoding PD1 ...
... no UTF-8 mapping file for font encoding PD1
) (/usr/local/texlive/2024/texmf-dist/tex/generic/intcalc/intcalc.sty
Package: intcalc 2019/12/15 v1.3 Expandable calculations with integers (HO)
)
\Hy@SavedSpaceFactor=\count269
 (/usr/local/texlive/2024/texmf-dist/tex/latex/hyperref/puenc.def
File: puenc.def 2024-01-20 v7.01h Hyperref: PDF Unicode definition (HO)
Now handling font encoding PU ...
... no UTF-8 mapping file for font encoding PU
)
Package hyperref Info: Hyper figures OFF on input line 4179.
Package hyperref Info: Link nesting OFF on input line 4184.
Package hyperref Info: Hyper index ON on input line 4187.
Package hyperref Info: Plain pages OFF on input line 4194.
Package hyperref Info: Backreferencing OFF on input line 4199.
Package hyperref Info: Implicit mode ON; LaTeX internals redefined.
Package hyperref Info: Bookmarks ON on input line 4446.
\c@Hy@tempcnt=\count270
 (/usr/local/texlive/2024/texmf-dist/tex/latex/url/url.sty
\Urlmuskip=\muskip16
Package: url 2013/09/16  ver 3.4  Verb mode for urls, etc.
)
LaTeX Info: Redefining \url on input line 4784.
\XeTeXLinkMargin=\dimen152
 (/usr/local/texlive/2024/texmf-dist/tex/generic/bitset/bitset.sty
Package: bitset 2019/12/09 v1.3 Handle bit-vector datatype (HO)
 (/usr/local/texlive/2024/texmf-dist/tex/generic/bigintcalc/bigintcalc.sty
Package: bigintcalc 2019/12/15 v1.5 Expandable calculations on big integers (HO)
))
\Fld@menulength=\count271
\Field@Width=\dimen153
\Fld@charsize=\dimen154
Package hyperref Info: Hyper figures OFF on input line 6063.
Package hyperref Info: Link nesting OFF on input line 6068.
Package hyperref Info: Hyper index ON on input line 6071.
Package hyperref Info: backreferencing OFF on input line 6078.
Package hyperref Info: Link coloring OFF on input line 6083.
Package hyperref Info: Link coloring with OCG OFF on input line 6088.
Package hyperref Info: PDF/A mode OFF on input line 6093.
 (/usr/local/texlive/2024/texmf-dist/tex/latex/base/atbegshi-ltx.sty
Package: atbegshi-ltx 2021/01/10 v1.0c Emulation of the original atbegshi
package with kernel methods
)
\Hy@abspage=\count272
\c@Item=\count273
\c@Hfootnote=\count274
)
Package hyperref Info: Driver (autodetected): hpdftex.
 (/usr/local/texlive/2024/texmf-dist/tex/latex/hyperref/hpdftex.def
File: hpdftex.def 2024-01-20 v7.01h Hyperref driver for pdfTeX
 (/usr/local/texlive/2024/texmf-dist/tex/latex/base/atveryend-ltx.sty
Package: atveryend-ltx 2020/08/19 v1.0a Emulation of the original atveryend package
with kernel methods
)
\Fld@listcount=\count275
\c@bookmark@seq@number=\count276
 (/usr/local/texlive/2024/texmf-dist/tex/latex/rerunfilecheck/rerunfilecheck.sty
Package: rerunfilecheck 2022-07-10 v1.10 Rerun checks for auxiliary files (HO)
 (/usr/local/texlive/2024/texmf-dist/tex/generic/uniquecounter/uniquecounter.sty
Package: uniquecounter 2019/12/15 v1.4 Provide unlimited unique counter (HO)
)
Package uniquecounter Info: New unique counter `rerunfilecheck' on input line 285.
)
\Hy@SectionHShift=\skip59
) (/usr/local/texlive/2024/texmf-dist/tex/latex/pgf/frontendlayer/tikz.sty (/usr/local/texlive/2024/texmf-dist/tex/latex/pgf/basiclayer/pgf.sty (/usr/local/texlive/2024/texmf-dist/tex/latex/pgf/utilities/pgfrcs.sty (/usr/local/texlive/2024/texmf-dist/tex/generic/pgf/utilities/pgfutil-common.tex
\pgfutil@everybye=\toks19
\pgfutil@tempdima=\dimen155
\pgfutil@tempdimb=\dimen156
) (/usr/local/texlive/2024/texmf-dist/tex/generic/pgf/utilities/pgfutil-latex.def
\pgfutil@abb=\box51
) (/usr/local/texlive/2024/texmf-dist/tex/generic/pgf/utilities/pgfrcs.code.tex (/usr/local/texlive/2024/texmf-dist/tex/generic/pgf/pgf.revision.tex)
Package: pgfrcs 2023-01-15 v3.1.10 (3.1.10)
))
Package: pgf 2023-01-15 v3.1.10 (3.1.10)
 (/usr/local/texlive/2024/texmf-dist/tex/latex/pgf/basiclayer/pgfcore.sty (/usr/local/texlive/2024/texmf-dist/tex/latex/pgf/systemlayer/pgfsys.sty (/usr/local/texlive/2024/texmf-dist/tex/generic/pgf/systemlayer/pgfsys.code.tex
Package: pgfsys 2023-01-15 v3.1.10 (3.1.10)
 (/usr/local/texlive/2024/texmf-dist/tex/generic/pgf/utilities/pgfkeys.code.tex
\pgfkeys@pathtoks=\toks20
\pgfkeys@temptoks=\toks21
 (/usr/local/texlive/2024/texmf-dist/tex/generic/pgf/utilities/pgfkeyslibraryfiltered.code.tex
\pgfkeys@tmptoks=\toks22
))
\pgf@x=\dimen157
\pgf@y=\dimen158
\pgf@xa=\dimen159
\pgf@ya=\dimen160
\pgf@xb=\dimen161
\pgf@yb=\dimen162
\pgf@xc=\dimen163
\pgf@yc=\dimen164
\pgf@xd=\dimen165
\pgf@yd=\dimen166
\w@pgf@writea=\write3
\r@pgf@reada=\read2
\c@pgf@counta=\count277
\c@pgf@countb=\count278
\c@pgf@countc=\count279
\c@pgf@countd=\count280
\t@pgf@toka=\toks23
\t@pgf@tokb=\toks24
\t@pgf@tokc=\toks25
\pgf@sys@id@count=\count281
 (/usr/local/texlive/2024/texmf-dist/tex/generic/pgf/systemlayer/pgf.cfg
File: pgf.cfg 2023-01-15 v3.1.10 (3.1.10)
)
Driver file for pgf: pgfsys-pdftex.def
 (/usr/local/texlive/2024/texmf-dist/tex/generic/pgf/systemlayer/pgfsys-pdftex.def
File: pgfsys-pdftex.def 2023-01-15 v3.1.10 (3.1.10)
 (/usr/local/texlive/2024/texmf-dist/tex/generic/pgf/systemlayer/pgfsys-common-pdf.def
File: pgfsys-common-pdf.def 2023-01-15 v3.1.10 (3.1.10)
))) (/usr/local/texlive/2024/texmf-dist/tex/generic/pgf/systemlayer/pgfsyssoftpath.code.tex
File: pgfsyssoftpath.code.tex 2023-01-15 v3.1.10 (3.1.10)
\pgfsyssoftpath@smallbuffer@items=\count282
\pgfsyssoftpath@bigbuffer@items=\count283
) (/usr/local/texlive/2024/texmf-dist/tex/generic/pgf/systemlayer/pgfsysprotocol.code.tex
File: pgfsysprotocol.code.tex 2023-01-15 v3.1.10 (3.1.10)
)) (/usr/local/texlive/2024/texmf-dist/tex/latex/xcolor/xcolor.sty
Package: xcolor 2023/11/15 v3.01 LaTeX color extensions (UK)
 (/usr/local/texlive/2024/texmf-dist/tex/latex/graphics-cfg/color.cfg
File: color.cfg 2016/01/02 v1.6 sample color configuration
)
Package xcolor Info: Driver file: pdftex.def on input line 274.
 (/usr/local/texlive/2024/texmf-dist/tex/latex/graphics/mathcolor.ltx)
Package xcolor Info: Model `cmy' substituted by `cmy0' on input line 1350.
Package xcolor Info: Model `hsb' substituted by `rgb' on input line 1354.
Package xcolor Info: Model `RGB' extended on input line 1366.
Package xcolor Info: Model `HTML' substituted by `rgb' on input line 1368.
Package xcolor Info: Model `Hsb' substituted by `hsb' on input line 1369.
Package xcolor Info: Model `tHsb' substituted by `hsb' on input line 1370.
Package xcolor Info: Model `HSB' substituted by `hsb' on input line 1371.
Package xcolor Info: Model `Gray' substituted by `gray' on input line 1372.
Package xcolor Info: Model `wave' substituted by `hsb' on input line 1373.
) (/usr/local/texlive/2024/texmf-dist/tex/generic/pgf/basiclayer/pgfcore.code.tex
Package: pgfcore 2023-01-15 v3.1.10 (3.1.10)
 (/usr/local/texlive/2024/texmf-dist/tex/generic/pgf/math/pgfmath.code.tex (/usr/local/texlive/2024/texmf-dist/tex/generic/pgf/math/pgfmathutil.code.tex) (/usr/local/texlive/2024/texmf-dist/tex/generic/pgf/math/pgfmathparser.code.tex
\pgfmath@dimen=\dimen167
\pgfmath@count=\count284
\pgfmath@box=\box52
\pgfmath@toks=\toks26
\pgfmath@stack@operand=\toks27
\pgfmath@stack@operation=\toks28
) (/usr/local/texlive/2024/texmf-dist/tex/generic/pgf/math/pgfmathfunctions.code.tex) (/usr/local/texlive/2024/texmf-dist/tex/generic/pgf/math/pgfmathfunctions.basic.code.tex) (/usr/local/texlive/2024/texmf-dist/tex/generic/pgf/math/pgfmathfunctions.trigonometric.code.tex) (/usr/local/texlive/2024/texmf-dist/tex/generic/pgf/math/pgfmathfunctions.random.code.tex) (/usr/local/texlive/2024/texmf-dist/tex/generic/pgf/math/pgfmathfunctions.comparison.code.tex) (/usr/local/texlive/2024/texmf-dist/tex/generic/pgf/math/pgfmathfunctions.base.code.tex) (/usr/local/texlive/2024/texmf-dist/tex/generic/pgf/math/pgfmathfunctions.round.code.tex) (/usr/local/texlive/2024/texmf-dist/tex/generic/pgf/math/pgfmathfunctions.misc.code.tex) (/usr/local/texlive/2024/texmf-dist/tex/generic/pgf/math/pgfmathfunctions.integerarithmetics.code.tex) (/usr/local/texlive/2024/texmf-dist/tex/generic/pgf/math/pgfmathcalc.code.tex) (/usr/local/texlive/2024/texmf-dist/tex/generic/pgf/math/pgfmathfloat.code.tex
\c@pgfmathroundto@lastzeros=\count285
)) (/usr/local/texlive/2024/texmf-dist/tex/generic/pgf/math/pgfint.code.tex) (/usr/local/texlive/2024/texmf-dist/tex/generic/pgf/basiclayer/pgfcorepoints.code.tex
File: pgfcorepoints.code.tex 2023-01-15 v3.1.10 (3.1.10)
\pgf@picminx=\dimen168
\pgf@picmaxx=\dimen169
\pgf@picminy=\dimen170
\pgf@picmaxy=\dimen171
\pgf@pathminx=\dimen172
\pgf@pathmaxx=\dimen173
\pgf@pathminy=\dimen174
\pgf@pathmaxy=\dimen175
\pgf@xx=\dimen176
\pgf@xy=\dimen177
\pgf@yx=\dimen178
\pgf@yy=\dimen179
\pgf@zx=\dimen180
\pgf@zy=\dimen181
) (/usr/local/texlive/2024/texmf-dist/tex/generic/pgf/basiclayer/pgfcorepathconstruct.code.tex
File: pgfcorepathconstruct.code.tex 2023-01-15 v3.1.10 (3.1.10)
\pgf@path@lastx=\dimen182
\pgf@path@lasty=\dimen183
) (/usr/local/texlive/2024/texmf-dist/tex/generic/pgf/basiclayer/pgfcorepathusage.code.tex
File: pgfcorepathusage.code.tex 2023-01-15 v3.1.10 (3.1.10)
\pgf@shorten@end@additional=\dimen184
\pgf@shorten@start@additional=\dimen185
) (/usr/local/texlive/2024/texmf-dist/tex/generic/pgf/basiclayer/pgfcorescopes.code.tex
File: pgfcorescopes.code.tex 2023-01-15 v3.1.10 (3.1.10)
\pgfpic=\box53
\pgf@hbox=\box54
\pgf@layerbox@main=\box55
\pgf@picture@serial@count=\count286
) (/usr/local/texlive/2024/texmf-dist/tex/generic/pgf/basiclayer/pgfcoregraphicstate.code.tex
File: pgfcoregraphicstate.code.tex 2023-01-15 v3.1.10 (3.1.10)
\pgflinewidth=\dimen186
) (/usr/local/texlive/2024/texmf-dist/tex/generic/pgf/basiclayer/pgfcoretransformations.code.tex
File: pgfcoretransformations.code.tex 2023-01-15 v3.1.10 (3.1.10)
\pgf@pt@x=\dimen187
\pgf@pt@y=\dimen188
\pgf@pt@temp=\dimen189
) (/usr/local/texlive/2024/texmf-dist/tex/generic/pgf/basiclayer/pgfcorequick.code.tex
File: pgfcorequick.code.tex 2023-01-15 v3.1.10 (3.1.10)
) (/usr/local/texlive/2024/texmf-dist/tex/generic/pgf/basiclayer/pgfcoreobjects.code.tex
File: pgfcoreobjects.code.tex 2023-01-15 v3.1.10 (3.1.10)
) (/usr/local/texlive/2024/texmf-dist/tex/generic/pgf/basiclayer/pgfcorepathprocessing.code.tex
File: pgfcorepathprocessing.code.tex 2023-01-15 v3.1.10 (3.1.10)
) (/usr/local/texlive/2024/texmf-dist/tex/generic/pgf/basiclayer/pgfcorearrows.code.tex
File: pgfcorearrows.code.tex 2023-01-15 v3.1.10 (3.1.10)
\pgfarrowsep=\dimen190
) (/usr/local/texlive/2024/texmf-dist/tex/generic/pgf/basiclayer/pgfcoreshade.code.tex
File: pgfcoreshade.code.tex 2023-01-15 v3.1.10 (3.1.10)
\pgf@max=\dimen191
\pgf@sys@shading@range@num=\count287
\pgf@shadingcount=\count288
) (/usr/local/texlive/2024/texmf-dist/tex/generic/pgf/basiclayer/pgfcoreimage.code.tex
File: pgfcoreimage.code.tex 2023-01-15 v3.1.10 (3.1.10)
) (/usr/local/texlive/2024/texmf-dist/tex/generic/pgf/basiclayer/pgfcoreexternal.code.tex
File: pgfcoreexternal.code.tex 2023-01-15 v3.1.10 (3.1.10)
\pgfexternal@startupbox=\box56
) (/usr/local/texlive/2024/texmf-dist/tex/generic/pgf/basiclayer/pgfcorelayers.code.tex
File: pgfcorelayers.code.tex 2023-01-15 v3.1.10 (3.1.10)
) (/usr/local/texlive/2024/texmf-dist/tex/generic/pgf/basiclayer/pgfcoretransparency.code.tex
File: pgfcoretransparency.code.tex 2023-01-15 v3.1.10 (3.1.10)
) (/usr/local/texlive/2024/texmf-dist/tex/generic/pgf/basiclayer/pgfcorepatterns.code.tex
File: pgfcorepatterns.code.tex 2023-01-15 v3.1.10 (3.1.10)
) (/usr/local/texlive/2024/texmf-dist/tex/generic/pgf/basiclayer/pgfcorerdf.code.tex
File: pgfcorerdf.code.tex 2023-01-15 v3.1.10 (3.1.10)
))) (/usr/local/texlive/2024/texmf-dist/tex/generic/pgf/modules/pgfmoduleshapes.code.tex
File: pgfmoduleshapes.code.tex 2023-01-15 v3.1.10 (3.1.10)
\pgfnodeparttextbox=\box57
) (/usr/local/texlive/2024/texmf-dist/tex/generic/pgf/modules/pgfmoduleplot.code.tex
File: pgfmoduleplot.code.tex 2023-01-15 v3.1.10 (3.1.10)
) (/usr/local/texlive/2024/texmf-dist/tex/latex/pgf/compatibility/pgfcomp-version-0-65.sty
Package: pgfcomp-version-0-65 2023-01-15 v3.1.10 (3.1.10)
\pgf@nodesepstart=\dimen192
\pgf@nodesepend=\dimen193
) (/usr/local/texlive/2024/texmf-dist/tex/latex/pgf/compatibility/pgfcomp-version-1-18.sty
Package: pgfcomp-version-1-18 2023-01-15 v3.1.10 (3.1.10)
)) (/usr/local/texlive/2024/texmf-dist/tex/latex/pgf/utilities/pgffor.sty (/usr/local/texlive/2024/texmf-dist/tex/latex/pgf/utilities/pgfkeys.sty (/usr/local/texlive/2024/texmf-dist/tex/generic/pgf/utilities/pgfkeys.code.tex)) (/usr/local/texlive/2024/texmf-dist/tex/latex/pgf/math/pgfmath.sty (/usr/local/texlive/2024/texmf-dist/tex/generic/pgf/math/pgfmath.code.tex)) (/usr/local/texlive/2024/texmf-dist/tex/generic/pgf/utilities/pgffor.code.tex
Package: pgffor 2023-01-15 v3.1.10 (3.1.10)
\pgffor@iter=\dimen194
\pgffor@skip=\dimen195
\pgffor@stack=\toks29
\pgffor@toks=\toks30
)) (/usr/local/texlive/2024/texmf-dist/tex/generic/pgf/frontendlayer/tikz/tikz.code.tex
Package: tikz 2023-01-15 v3.1.10 (3.1.10)
 (/usr/local/texlive/2024/texmf-dist/tex/generic/pgf/libraries/pgflibraryplothandlers.code.tex
File: pgflibraryplothandlers.code.tex 2023-01-15 v3.1.10 (3.1.10)
\pgf@plot@mark@count=\count289
\pgfplotmarksize=\dimen196
)
\tikz@lastx=\dimen197
\tikz@lasty=\dimen198
\tikz@lastxsaved=\dimen199
\tikz@lastysaved=\dimen256
\tikz@lastmovetox=\dimen257
\tikz@lastmovetoy=\dimen258
\tikzleveldistance=\dimen259
\tikzsiblingdistance=\dimen260
\tikz@figbox=\box58
\tikz@figbox@bg=\box59
\tikz@tempbox=\box60
\tikz@tempbox@bg=\box61
\tikztreelevel=\count290
\tikznumberofchildren=\count291
\tikznumberofcurrentchild=\count292
\tikz@fig@count=\count293
 (/usr/local/texlive/2024/texmf-dist/tex/generic/pgf/modules/pgfmodulematrix.code.tex
File: pgfmodulematrix.code.tex 2023-01-15 v3.1.10 (3.1.10)
\pgfmatrixcurrentrow=\count294
\pgfmatrixcurrentcolumn=\count295
\pgf@matrix@numberofcolumns=\count296
)
\tikz@expandcount=\count297
 (/usr/local/texlive/2024/texmf-dist/tex/generic/pgf/frontendlayer/tikz/libraries/tikzlibrarytopaths.code.tex
File: tikzlibrarytopaths.code.tex 2023-01-15 v3.1.10 (3.1.10)
))) (/usr/local/texlive/2024/texmf-dist/tex/latex/tex-gyre/tgadventor.sty
Package: tgadventor 2009/09/10 v1.2 TeX Gyre Adventor as default sans serif family
) (/usr/local/texlive/2024/texmf-dist/tex/latex/datetime2/datetime2.sty
Package: datetime2 2021/03/21 v1.5.7 (NLCT) date and time formats
 (/usr/local/texlive/2024/texmf-dist/tex/latex/tracklang/tracklang.sty
Package: tracklang 2022/12/13 v1.6.1 (NLCT) Track Languages
 (/usr/local/texlive/2024/texmf-dist/tex/generic/tracklang/tracklang.tex)) (/usr/local/texlive/2024/texmf-dist/tex/latex/xkeyval/xkeyval.sty
Package: xkeyval 2022/06/16 v2.9 package option processing (HA)
 (/usr/local/texlive/2024/texmf-dist/tex/generic/xkeyval/xkeyval.tex (/usr/local/texlive/2024/texmf-dist/tex/generic/xkeyval/xkvutils.tex
\XKV@toks=\toks31
\XKV@tempa@toks=\toks32
)
\XKV@depth=\count298
File: xkeyval.tex 2014/12/03 v2.7a key=value parser (HA)
)) (/usr/local/texlive/2024/texmf-dist/tex/latex/datetime2-italian/datetime2-italian.ldf
File: datetime2-italian.ldf 2015/05/01 v1.3
 (/usr/local/texlive/2024/texmf-dist/tex/generic/iftex/ifxetex.sty
Package: ifxetex 2019/10/25 v0.7 ifxetex legacy package. Use iftex instead.
) (/usr/local/texlive/2024/texmf-dist/tex/generic/iftex/ifluatex.sty
Package: ifluatex 2019/10/25 v1.5 ifluatex legacy package. Use iftex instead.
) (/usr/local/texlive/2024/texmf-dist/tex/latex/datetime2-italian/datetime2-italian-ascii.ldf
File: datetime2-italian-ascii.ldf 2015/05/01 v1.3
))) (/usr/local/texlive/2024/texmf-dist/tex/latex/caption/caption.sty
Package: caption 2023/08/05 v3.6o Customizing captions (AR)
 (/usr/local/texlive/2024/texmf-dist/tex/latex/caption/caption3.sty
Package: caption3 2023/07/31 v2.4d caption3 kernel (AR)
\caption@tempdima=\dimen261
\captionmargin=\dimen262
\caption@leftmargin=\dimen263
\caption@rightmargin=\dimen264
\caption@width=\dimen265
\caption@indent=\dimen266
\caption@parindent=\dimen267
\caption@hangindent=\dimen268
Package caption Info: Standard document class detected.
)
\c@caption@flags=\count299
\c@continuedfloat=\count300
Package caption Info: hyperref package is loaded.
) (/usr/local/texlive/2024/texmf-dist/tex/latex/tocloft/tocloft.sty
Package: tocloft 2017/08/31 v2.3i parameterised ToC, etc., typesetting
Package tocloft Info: The document has section divisions on input line 51.
\cftparskip=\skip60
\cftbeforetoctitleskip=\skip61
\cftaftertoctitleskip=\skip62
\cftbeforepartskip=\skip63
\cftpartnumwidth=\skip64
\cftpartindent=\skip65
\cftbeforesecskip=\skip66
\cftsecindent=\skip67
\cftsecnumwidth=\skip68
\cftbeforesubsecskip=\skip69
\cftsubsecindent=\skip70
\cftsubsecnumwidth=\skip71
\cftbeforesubsubsecskip=\skip72
\cftsubsubsecindent=\skip73
\cftsubsubsecnumwidth=\skip74
\cftbeforeparaskip=\skip75
\cftparaindent=\skip76
\cftparanumwidth=\skip77
\cftbeforesubparaskip=\skip78
\cftsubparaindent=\skip79
\cftsubparanumwidth=\skip80
\cftbeforeloftitleskip=\skip81
\cftafterloftitleskip=\skip82
\cftbeforefigskip=\skip83
\cftfigindent=\skip84
\cftfignumwidth=\skip85
\c@lofdepth=\count301
\c@lotdepth=\count302
\cftbeforelottitleskip=\skip86
\cftafterlottitleskip=\skip87
\cftbeforetabskip=\skip88
\cfttabindent=\skip89
\cfttabnumwidth=\skip90
) (/usr/local/texlive/2024/texmf-dist/tex/latex/titlesec/titlesec.sty
Package: titlesec 2023/10/27 v2.16 Sectioning titles
\ttl@box=\box62
\beforetitleunit=\skip91
\aftertitleunit=\skip92
\ttl@plus=\dimen269
\ttl@minus=\dimen270
\ttl@toksa=\toks33
\titlewidth=\dimen271
\titlewidthlast=\dimen272
\titlewidthfirst=\dimen273
) (/usr/local/texlive/2024/texmf-dist/tex/generic/ulem/ulem.sty
\UL@box=\box63
\UL@hyphenbox=\box64
\UL@skip=\skip93
\UL@hook=\toks34
\UL@height=\dimen274
\UL@pe=\count303
\UL@pixel=\dimen275
\ULC@box=\box65
Package: ulem 2019/11/18
\ULdepth=\dimen276
) (/usr/local/texlive/2024/texmf-dist/tex/latex/pgfplots/pgfplots.sty (/usr/local/texlive/2024/texmf-dist/tex/generic/pgfplots/pgfplots.revision.tex)
Package: pgfplots 2021/05/15 v1.18.1 Data Visualization (1.18.1)
 (/usr/local/texlive/2024/texmf-dist/tex/generic/pgfplots/pgfplots.code.tex (/usr/local/texlive/2024/texmf-dist/tex/generic/pgfplots/pgfplotscore.code.tex
\t@pgfplots@toka=\toks35
\t@pgfplots@tokb=\toks36
\t@pgfplots@tokc=\toks37
\pgfplots@tmpa=\dimen277
\c@pgfplots@coordindex=\count304
\c@pgfplots@scanlineindex=\count305
 (/usr/local/texlive/2024/texmf-dist/tex/generic/pgfplots/sys/pgfplotssysgeneric.code.tex)) (/usr/local/texlive/2024/texmf-dist/tex/generic/pgfplots/libs/pgfplotslibrary.code.tex) (/usr/local/texlive/2024/texmf-dist/tex/generic/pgfplots/oldpgfcompatib/pgfplotsoldpgfsupp_loader.code.tex (/usr/local/texlive/2024/texmf-dist/tex/generic/pgf/libraries/pgflibraryfpu.code.tex)
Package pgfplots: loading complementary utilities for your pgf version...
\t@pgf@toka=\toks38
\t@pgf@tokb=\toks39
\t@pgf@tokc=\toks40
(/usr/local/texlive/2024/texmf-dist/tex/generic/pgfplots/oldpgfcompatib/pgfplotsoldpgfsupp_pgfutil-common-lists.tex)) (/usr/local/texlive/2024/texmf-dist/tex/generic/pgfplots/util/pgfplotsutil.code.tex (/usr/local/texlive/2024/texmf-dist/tex/generic/pgfplots/liststructure/pgfplotsliststructure.code.tex) (/usr/local/texlive/2024/texmf-dist/tex/generic/pgfplots/liststructure/pgfplotsliststructureext.code.tex) (/usr/local/texlive/2024/texmf-dist/tex/generic/pgfplots/liststructure/pgfplotsarray.code.tex
\c@pgfplotsarray@tmp=\count306
) (/usr/local/texlive/2024/texmf-dist/tex/generic/pgfplots/liststructure/pgfplotsmatrix.code.tex) (/usr/local/texlive/2024/texmf-dist/tex/generic/pgfplots/numtable/pgfplotstableshared.code.tex
\c@pgfplotstable@counta=\count307
\t@pgfplotstable@a=\toks41
) (/usr/local/texlive/2024/texmf-dist/tex/generic/pgfplots/liststructure/pgfplotsdeque.code.tex) (/usr/local/texlive/2024/texmf-dist/tex/generic/pgfplots/util/pgfplotsbinary.code.tex (/usr/local/texlive/2024/texmf-dist/tex/generic/pgfplots/util/pgfplotsbinary.data.code.tex)) (/usr/local/texlive/2024/texmf-dist/tex/generic/pgfplots/util/pgfplotsutil.verb.code.tex) (/usr/local/texlive/2024/texmf-dist/tex/generic/pgfplots/libs/pgflibrarypgfplots.surfshading.code.tex
\c@pgfplotslibrarysurf@no=\count308
 (/usr/local/texlive/2024/texmf-dist/tex/generic/pgfplots/sys/pgflibrarypgfplots.surfshading.pgfsys-pdftex.def))) (/usr/local/texlive/2024/texmf-dist/tex/generic/pgfplots/util/pgfplotscolormap.code.tex (/usr/local/texlive/2024/texmf-dist/tex/generic/pgfplots/util/pgfplotscolor.code.tex)) (/usr/local/texlive/2024/texmf-dist/tex/generic/pgfplots/pgfplotsstackedplots.code.tex) (/usr/local/texlive/2024/texmf-dist/tex/generic/pgfplots/pgfplotsplothandlers.code.tex (/usr/local/texlive/2024/texmf-dist/tex/generic/pgfplots/pgfplotsmeshplothandler.code.tex (/usr/local/texlive/2024/texmf-dist/tex/generic/pgfplots/pgfplotsmeshplotimage.code.tex))) (/usr/local/texlive/2024/texmf-dist/tex/generic/pgfplots/pgfplots.scaling.code.tex) (/usr/local/texlive/2024/texmf-dist/tex/generic/pgfplots/pgfplotscoordprocessing.code.tex) (/usr/local/texlive/2024/texmf-dist/tex/generic/pgfplots/pgfplots.errorbars.code.tex) (/usr/local/texlive/2024/texmf-dist/tex/generic/pgfplots/pgfplots.markers.code.tex) (/usr/local/texlive/2024/texmf-dist/tex/generic/pgfplots/pgfplotsticks.code.tex) (/usr/local/texlive/2024/texmf-dist/tex/generic/pgfplots/pgfplots.paths.code.tex) (/usr/local/texlive/2024/texmf-dist/tex/generic/pgf/frontendlayer/tikz/libraries/tikzlibrarydecorations.code.tex (/usr/local/texlive/2024/texmf-dist/tex/generic/pgf/modules/pgfmoduledecorations.code.tex
\pgfdecoratedcompleteddistance=\dimen278
\pgfdecoratedremainingdistance=\dimen279
\pgfdecoratedinputsegmentcompleteddistance=\dimen280
\pgfdecoratedinputsegmentremainingdistance=\dimen281
\pgf@decorate@distancetomove=\dimen282
\pgf@decorate@repeatstate=\count309
\pgfdecorationsegmentamplitude=\dimen283
\pgfdecorationsegmentlength=\dimen284
)
\tikz@lib@dec@box=\box66
) (/usr/local/texlive/2024/texmf-dist/tex/generic/pgf/frontendlayer/tikz/libraries/tikzlibrarydecorations.pathmorphing.code.tex (/usr/local/texlive/2024/texmf-dist/tex/generic/pgf/libraries/decorations/pgflibrarydecorations.pathmorphing.code.tex)) (/usr/local/texlive/2024/texmf-dist/tex/generic/pgf/frontendlayer/tikz/libraries/tikzlibrarydecorations.pathreplacing.code.tex (/usr/local/texlive/2024/texmf-dist/tex/generic/pgf/libraries/decorations/pgflibrarydecorations.pathreplacing.code.tex)) (/usr/local/texlive/2024/texmf-dist/tex/generic/pgfplots/libs/tikzlibrarypgfplots.contourlua.code.tex)
\pgfplots@numplots=\count310
\pgfplots@xmin@reg=\dimen285
\pgfplots@xmax@reg=\dimen286
\pgfplots@ymin@reg=\dimen287
\pgfplots@ymax@reg=\dimen288
\pgfplots@zmin@reg=\dimen289
\pgfplots@zmax@reg=\dimen290
) (/usr/local/texlive/2024/texmf-dist/tex/generic/pgf/frontendlayer/tikz/libraries/tikzlibraryplotmarks.code.tex
File: tikzlibraryplotmarks.code.tex 2023-01-15 v3.1.10 (3.1.10)
 (/usr/local/texlive/2024/texmf-dist/tex/generic/pgf/libraries/pgflibraryplotmarks.code.tex
File: pgflibraryplotmarks.code.tex 2023-01-15 v3.1.10 (3.1.10)
))) (/usr/local/texlive/2024/texmf-dist/tex/latex/pgf-pie/pgf-pie.sty
Package: pgf-pie 2022/06/14 v0.7 Some LaTeX macros for pie chart by using PGF/Tikz package.
 (/usr/local/texlive/2024/texmf-dist/tex/latex/pgf-pie/tikzlibrarypie.code.tex (/usr/local/texlive/2024/texmf-dist/tex/latex/carlisle/scalefnt.sty)
\pgfpie@angleEnd=\dimen291
\pgfpie@explodeLength=\count311
\pgfpie@colorLength=\count312
\pgfpie@sliceLength=\count313
)) (/usr/local/texlive/2024/texmf-dist/tex/generic/babel/babel.sty
Package: babel 2024/02/07 v24.2 The Babel package
\babel@savecnt=\count314
\U@D=\dimen292
\l@unhyphenated=\language89
 (/usr/local/texlive/2024/texmf-dist/tex/generic/babel/txtbabel.def)
\bbl@readstream=\read3
\bbl@dirlevel=\count315
 (/usr/local/texlive/2024/texmf-dist/tex/generic/babel-italian/italian.ldf
Language: italian 2024/01/03 v.1.5.00 Italian support for the babel system
\it@lettering=\count316
\it@doublequoteactive=\count317
\it@ISOcompliance=\count318
)) (/usr/local/texlive/2024/texmf-dist/tex/generic/babel/locale/it/babel-italian.tex
Package babel Info: Importing font and identification data for italian
(babel)             from babel-it.ini. Reported on input line 11.
) (/usr/local/texlive/2024/texmf-dist/tex/latex/comment/comment.sty
\CommentStream=\write4
 Excluding comment 'comment') (/usr/local/texlive/2024/texmf-dist/tex/latex/tools/tabularx.sty
Package: tabularx 2023/07/08 v2.11c `tabularx' package (DPC)
 (/usr/local/texlive/2024/texmf-dist/tex/latex/tools/array.sty
Package: array 2023/10/16 v2.5g Tabular extension package (FMi)
\col@sep=\dimen293
\ar@mcellbox=\box67
\extrarowheight=\dimen294
\NC@list=\toks42
\extratabsurround=\skip94
\backup@length=\skip95
\ar@cellbox=\box68
)
\TX@col@width=\dimen295
\TX@old@table=\dimen296
\TX@old@col=\dimen297
\TX@target=\dimen298
\TX@delta=\dimen299
\TX@cols=\count319
\TX@ftn=\toks43
)) (/usr/local/texlive/2024/texmf-dist/tex/latex/tools/longtable.sty
Package: longtable 2023-11-01 v4.19 Multi-page Table package (DPC)
\LTleft=\skip96
\LTright=\skip97
\LTpre=\skip98
\LTpost=\skip99
\LTchunksize=\count320
\LTcapwidth=\dimen300
\LT@head=\box69
\LT@firsthead=\box70
\LT@foot=\box71
\LT@lastfoot=\box72
\LT@gbox=\box73
\LT@cols=\count321
\LT@rows=\count322
\c@LT@tables=\count323
\c@LT@chunks=\count324
\LT@p@ftn=\toks44
) (./subX6_section.tex
\c@subsubsubsection=\count325
\c@subsubsubsubsection=\count326
\c@subsubsubsubsubsection=\count327
)
LaTeX Font Info:    Trying to load font information for OT1+qag on input line 23.
 (/usr/local/texlive/2024/texmf-dist/tex/latex/tex-gyre/ot1qag.fd
File: ot1qag.fd 2009/09/25 v1.2 font definition file for OT1/qag
) (/usr/local/texlive/2024/texmf-dist/tex/latex/l3backend/l3backend-pdftex.def
File: l3backend-pdftex.def 2024-02-20 L3 backend support: PDF output (pdfTeX)
\l__color_backend_stack_int=\count328
\l__pdf_internal_box=\box74
) (./norme_di_progetto_v0.1.aux (./title.aux) (./header.aux))
\openout1 = `norme_di_progetto_v0.1.aux'.

LaTeX Font Info:    Checking defaults for OML/cmm/m/it on input line 23.
LaTeX Font Info:    ... okay on input line 23.
LaTeX Font Info:    Checking defaults for OMS/cmsy/m/n on input line 23.
LaTeX Font Info:    ... okay on input line 23.
LaTeX Font Info:    Checking defaults for OT1/cmr/m/n on input line 23.
LaTeX Font Info:    ... okay on input line 23.
LaTeX Font Info:    Checking defaults for T1/cmr/m/n on input line 23.
LaTeX Font Info:    ... okay on input line 23.
LaTeX Font Info:    Checking defaults for TS1/cmr/m/n on input line 23.
LaTeX Font Info:    ... okay on input line 23.
LaTeX Font Info:    Checking defaults for OMX/cmex/m/n on input line 23.
LaTeX Font Info:    ... okay on input line 23.
LaTeX Font Info:    Checking defaults for U/cmr/m/n on input line 23.
LaTeX Font Info:    ... okay on input line 23.
LaTeX Font Info:    Checking defaults for PD1/pdf/m/n on input line 23.
LaTeX Font Info:    ... okay on input line 23.
LaTeX Font Info:    Checking defaults for PU/pdf/m/n on input line 23.
LaTeX Font Info:    ... okay on input line 23.

*geometry* driver: auto-detecting
*geometry* detected driver: pdftex
*geometry* verbose mode - [ preamble ] result:
* driver: pdftex
* paper: <default>
* layout: <same size as paper>
* layoutoffset:(h,v)=(0.0pt,0.0pt)
* modes: 
* h-part:(L,W,R)=(56.9055pt, 500.484pt, 56.9055pt)
* v-part:(T,H,B)=(85.35826pt, 624.25346pt, 85.35826pt)
* \paperwidth=614.295pt
* \paperheight=794.96999pt
* \textwidth=500.484pt
* \textheight=624.25346pt
* \oddsidemargin=-15.36449pt
* \evensidemargin=-15.36449pt
* \topmargin=-41.59085pt
* \headheight=12.0pt
* \headsep=42.67912pt
* \topskip=12.0pt
* \footskip=30.0pt
* \marginparwidth=44.0pt
* \marginparsep=10.0pt
* \columnsep=10.0pt
* \skip\footins=10.8pt plus 4.0pt minus 2.0pt
* \hoffset=0.0pt
* \voffset=0.0pt
* \mag=1000
* \@twocolumnfalse
* \@twosidefalse
* \@mparswitchfalse
* \@reversemarginfalse
* (1in=72.27pt=25.4mm, 1cm=28.453pt)

(/usr/local/texlive/2024/texmf-dist/tex/context/base/mkii/supp-pdf.mkii
[Loading MPS to PDF converter (version 2006.09.02).]
\scratchcounter=\count329
\scratchdimen=\dimen301
\scratchbox=\box75
\nofMPsegments=\count330
\nofMParguments=\count331
\everyMPshowfont=\toks45
\MPscratchCnt=\count332
\MPscratchDim=\dimen302
\MPnumerator=\count333
\makeMPintoPDFobject=\count334
\everyMPtoPDFconversion=\toks46
) (/usr/local/texlive/2024/texmf-dist/tex/latex/epstopdf-pkg/epstopdf-base.sty
Package: epstopdf-base 2020-01-24 v2.11 Base part for package epstopdf
Package epstopdf-base Info: Redefining graphics rule for `.eps' on input line 485.
 (/usr/local/texlive/2024/texmf-dist/tex/latex/latexconfig/epstopdf-sys.cfg
File: epstopdf-sys.cfg 2010/07/13 v1.3 Configuration of (r)epstopdf for TeX Live
))
Package hyperref Info: Link coloring OFF on input line 23.
 (./norme_di_progetto_v0.1.out) (./norme_di_progetto_v0.1.out)
\@outlinefile=\write5
\openout5 = `norme_di_progetto_v0.1.out'.

Package caption Info: Begin \AtBeginDocument code.
Package caption Info: longtable package is loaded.
 (/usr/local/texlive/2024/texmf-dist/tex/latex/caption/ltcaption.sty
Package: ltcaption 2021/01/08 v1.4c longtable captions (AR)
)
Package caption Info: End \AtBeginDocument code.


Package pgfplots Warning: running in backwards compatibility mode (unsuitable tick labels; missing features). Consider writing \pgfplotsset{compat=1.18} into your preamble.
 on input line 23.

LaTeX Info: Redefining \it@ocap on input line 23.
LaTeX Info: Redefining \it@ccap on input line 23.

File italian.ldf warning: 
italian.ldf    With OT1 encoding guillemets are poorly faked
italian.ldf    Use T1 encoding
italian.ldf    or specify a font with command \CaporaliFrom
italian.ldf    See the documentation concerning the babel-italian typesetting
italian.ldf    on input line 23.

\openout2 = `title.aux'.

(./title.tex
*geometry* verbose mode - [ newgeometry ] result:
* driver: pdftex
* paper: <default>
* layout: <same size as paper>
* layoutoffset:(h,v)=(0.0pt,0.0pt)
* modes: 
* h-part:(L,W,R)=(56.9055pt, 500.484pt, 56.9055pt)
* v-part:(T,H,B)=(59.75095pt, 675.4681pt, 59.75095pt)
* \paperwidth=614.295pt
* \paperheight=794.96999pt
* \textwidth=500.484pt
* \textheight=675.4681pt
* \oddsidemargin=-15.36449pt
* \evensidemargin=-15.36449pt
* \topmargin=-67.19817pt
* \headheight=12.0pt
* \headsep=42.67912pt
* \topskip=12.0pt
* \footskip=30.0pt
* \marginparwidth=44.0pt
* \marginparsep=10.0pt
* \columnsep=10.0pt
* \skip\footins=10.8pt plus 4.0pt minus 2.0pt
* \hoffset=0.0pt
* \voffset=0.0pt
* \mag=1000
* \@twocolumnfalse
* \@twosidefalse
* \@mparswitchfalse
* \@reversemarginfalse
* (1in=72.27pt=25.4mm, 1cm=28.453pt)

<../../../logo/logo.png, id=762, 762.93279pt x 762.93279pt>
File: ../../../logo/logo.png Graphic file (type png)
<use ../../../logo/logo.png>
Package pdftex.def Info: ../../../logo/logo.png  used on input line 19.
(pdftex.def)             Requested size: 142.26378pt x 142.25792pt.
 [1



{/usr/local/texlive/2024/texmf-var/fonts/map/pdftex/updmap/pdftex.map}{/usr/local/texlive/2024/texmf-dist/fonts/enc/dvips/tex-gyre/q-rm.enc} <../../../logo/logo.png (PNG copy)>])
\openout2 = `header.aux'.

 (./header.tex)
LaTeX Font Info:    External font `cmex10' loaded for size
(Font)              <12> on input line 35.
LaTeX Font Info:    External font `cmex10' loaded for size
(Font)              <8> on input line 35.
LaTeX Font Info:    External font `cmex10' loaded for size
(Font)              <6> on input line 35.
File: ../../../logo/logo.png Graphic file (type png)
<use ../../../logo/logo.png>
Package pdftex.def Info: ../../../logo/logo.png  used on input line 48.
(pdftex.def)             Requested size: 28.45274pt x 28.45158pt.


Package fancyhdr Warning: \headheight is too small (12.0pt): 
(fancyhdr)                Make it at least 32.80276pt, for example:
(fancyhdr)                \setlength{\headheight}{32.80276pt}.
(fancyhdr)                You might also make \topmargin smaller to compensate:
(fancyhdr)                \addtolength{\topmargin}{-20.80276pt}.


pdfTeX warning (ext4): destination with the same identifier (name{page.1}) has been already used, duplicate ignored
<to be read again> 
                   \relax 
l.48 \newpage
              [1






] (./norme_di_progetto_v0.1.toc [2]
File: ../../../logo/logo.png Graphic file (type png)
<use ../../../logo/logo.png>
Package pdftex.def Info: ../../../logo/logo.png  used on input line 72.
(pdftex.def)             Requested size: 28.45274pt x 28.45158pt.


Package fancyhdr Warning: \headheight is too small (12.0pt): 
(fancyhdr)                Make it at least 32.80276pt, for example:
(fancyhdr)                \setlength{\headheight}{32.80276pt}.
(fancyhdr)                You might also make \topmargin smaller to compensate:
(fancyhdr)                \addtolength{\topmargin}{-20.80276pt}.

[3]
File: ../../../logo/logo.png Graphic file (type png)
<use ../../../logo/logo.png>
Package pdftex.def Info: ../../../logo/logo.png  used on input line 108.
(pdftex.def)             Requested size: 28.45274pt x 28.45158pt.


Package fancyhdr Warning: \headheight is too small (12.0pt): 
(fancyhdr)                Make it at least 32.80276pt, for example:
(fancyhdr)                \setlength{\headheight}{32.80276pt}.
(fancyhdr)                You might also make \topmargin smaller to compensate:
(fancyhdr)                \addtolength{\topmargin}{-20.80276pt}.

[4]
File: ../../../logo/logo.png Graphic file (type png)
<use ../../../logo/logo.png>
Package pdftex.def Info: ../../../logo/logo.png  used on input line 143.
(pdftex.def)             Requested size: 28.45274pt x 28.45158pt.


Package fancyhdr Warning: \headheight is too small (12.0pt): 
(fancyhdr)                Make it at least 32.80276pt, for example:
(fancyhdr)                \setlength{\headheight}{32.80276pt}.
(fancyhdr)                You might also make \topmargin smaller to compensate:
(fancyhdr)                \addtolength{\topmargin}{-20.80276pt}.

[5]
File: ../../../logo/logo.png Graphic file (type png)
<use ../../../logo/logo.png>
Package pdftex.def Info: ../../../logo/logo.png  used on input line 178.
(pdftex.def)             Requested size: 28.45274pt x 28.45158pt.


Package fancyhdr Warning: \headheight is too small (12.0pt): 
(fancyhdr)                Make it at least 32.80276pt, for example:
(fancyhdr)                \setlength{\headheight}{32.80276pt}.
(fancyhdr)                You might also make \topmargin smaller to compensate:
(fancyhdr)                \addtolength{\topmargin}{-20.80276pt}.

[6])
\tf@toc=\write6
\openout6 = `norme_di_progetto_v0.1.toc'.

 (./norme_di_progetto_v0.1.lot)
\tf@lot=\write7
\openout7 = `norme_di_progetto_v0.1.lot'.

 (./norme_di_progetto_v0.1.lof)
\tf@lof=\write8
\openout8 = `norme_di_progetto_v0.1.lof'.

 [7] (./introduzione.tex
LaTeX Font Info:    Trying to load font information for TS1+qag on input line 10.
 (/usr/local/texlive/2024/texmf-dist/tex/latex/tex-gyre/ts1qag.fd
File: ts1qag.fd 2009/09/25 v1.2 font definition file for TS1/qag
)
File: ../../../logo/logo.png Graphic file (type png)
<use ../../../logo/logo.png>
Package pdftex.def Info: ../../../logo/logo.png  used on input line 27.
(pdftex.def)             Requested size: 28.45274pt x 28.45158pt.


Package fancyhdr Warning: \headheight is too small (12.0pt): 
(fancyhdr)                Make it at least 32.80276pt, for example:
(fancyhdr)                \setlength{\headheight}{32.80276pt}.
(fancyhdr)                You might also make \topmargin smaller to compensate:
(fancyhdr)                \addtolength{\topmargin}{-20.80276pt}.

[8{/usr/local/texlive/2024/texmf-dist/fonts/enc/dvips/tex-gyre/q-ts1.enc}]
Overfull \hbox (11.54094pt too wide) in paragraph at lines 31--32
[]$\OT1/cmtt/m/n/12 https : / / www . math . unipd . it / []tullio / IS-[]1 / 2009 / Approfondimenti / ISO _ 12207-[]1995 . pdf$[] 
 []

)
File: ../../../logo/logo.png Graphic file (type png)
<use ../../../logo/logo.png>
Package pdftex.def Info: ../../../logo/logo.png  used on input line 60.
(pdftex.def)             Requested size: 28.45274pt x 28.45158pt.


Package fancyhdr Warning: \headheight is too small (12.0pt): 
(fancyhdr)                Make it at least 32.80276pt, for example:
(fancyhdr)                \setlength{\headheight}{32.80276pt}.
(fancyhdr)                You might also make \topmargin smaller to compensate:
(fancyhdr)                \addtolength{\topmargin}{-20.80276pt}.

[9] (./processi_primari.tex
File: ../../../logo/logo.png Graphic file (type png)
<use ../../../logo/logo.png>
Package pdftex.def Info: ../../../logo/logo.png  used on input line 26.
(pdftex.def)             Requested size: 28.45274pt x 28.45158pt.


Package fancyhdr Warning: \headheight is too small (12.0pt): 
(fancyhdr)                Make it at least 32.80276pt, for example:
(fancyhdr)                \setlength{\headheight}{32.80276pt}.
(fancyhdr)                You might also make \topmargin smaller to compensate:
(fancyhdr)                \addtolength{\topmargin}{-20.80276pt}.

[10]
File: ../../../logo/logo.png Graphic file (type png)
<use ../../../logo/logo.png>
Package pdftex.def Info: ../../../logo/logo.png  used on input line 49.
(pdftex.def)             Requested size: 28.45274pt x 28.45158pt.


Package fancyhdr Warning: \headheight is too small (12.0pt): 
(fancyhdr)                Make it at least 32.80276pt, for example:
(fancyhdr)                \setlength{\headheight}{32.80276pt}.
(fancyhdr)                You might also make \topmargin smaller to compensate:
(fancyhdr)                \addtolength{\topmargin}{-20.80276pt}.

[11]
File: ../../../logo/logo.png Graphic file (type png)
<use ../../../logo/logo.png>
Package pdftex.def Info: ../../../logo/logo.png  used on input line 66.
(pdftex.def)             Requested size: 28.45274pt x 28.45158pt.


Package fancyhdr Warning: \headheight is too small (12.0pt): 
(fancyhdr)                Make it at least 32.80276pt, for example:
(fancyhdr)                \setlength{\headheight}{32.80276pt}.
(fancyhdr)                You might also make \topmargin smaller to compensate:
(fancyhdr)                \addtolength{\topmargin}{-20.80276pt}.

[12]
File: ../../../logo/logo.png Graphic file (type png)
<use ../../../logo/logo.png>
Package pdftex.def Info: ../../../logo/logo.png  used on input line 90.
(pdftex.def)             Requested size: 28.45274pt x 28.45158pt.


Package fancyhdr Warning: \headheight is too small (12.0pt): 
(fancyhdr)                Make it at least 32.80276pt, for example:
(fancyhdr)                \setlength{\headheight}{32.80276pt}.
(fancyhdr)                You might also make \topmargin smaller to compensate:
(fancyhdr)                \addtolength{\topmargin}{-20.80276pt}.

[13]
File: ../../../logo/logo.png Graphic file (type png)
<use ../../../logo/logo.png>
Package pdftex.def Info: ../../../logo/logo.png  used on input line 113.
(pdftex.def)             Requested size: 28.45274pt x 28.45158pt.


Package fancyhdr Warning: \headheight is too small (12.0pt): 
(fancyhdr)                Make it at least 32.80276pt, for example:
(fancyhdr)                \setlength{\headheight}{32.80276pt}.
(fancyhdr)                You might also make \topmargin smaller to compensate:
(fancyhdr)                \addtolength{\topmargin}{-20.80276pt}.

[14]
Underfull \hbox (badness 10000) in paragraph at lines 140--144

 []

File: ../../../logo/logo.png Graphic file (type png)
<use ../../../logo/logo.png>
Package pdftex.def Info: ../../../logo/logo.png  used on input line 145.
(pdftex.def)             Requested size: 28.45274pt x 28.45158pt.

Package fancyhdr Warning: \headheight is too small (12.0pt): 
(fancyhdr)                Make it at least 32.80276pt, for example:
(fancyhdr)                \setlength{\headheight}{32.80276pt}.
(fancyhdr)                You might also make \topmargin smaller to compensate:
(fancyhdr)                \addtolength{\topmargin}{-20.80276pt}.

[15]
File: ../../../logo/logo.png Graphic file (type png)
<use ../../../logo/logo.png>
Package pdftex.def Info: ../../../logo/logo.png  used on input line 170.
(pdftex.def)             Requested size: 28.45274pt x 28.45158pt.


Package fancyhdr Warning: \headheight is too small (12.0pt): 
(fancyhdr)                Make it at least 32.80276pt, for example:
(fancyhdr)                \setlength{\headheight}{32.80276pt}.
(fancyhdr)                You might also make \topmargin smaller to compensate:
(fancyhdr)                \addtolength{\topmargin}{-20.80276pt}.

[16]
Underfull \hbox (badness 10000) in paragraph at lines 177--178

 []

File: ../../../logo/logo.png Graphic file (type png)
<use ../../../logo/logo.png>
Package pdftex.def Info: ../../../logo/logo.png  used on input line 183.
(pdftex.def)             Requested size: 28.45274pt x 28.45158pt.

Package fancyhdr Warning: \headheight is too small (12.0pt): 
(fancyhdr)                Make it at least 32.80276pt, for example:
(fancyhdr)                \setlength{\headheight}{32.80276pt}.
(fancyhdr)                You might also make \topmargin smaller to compensate:
(fancyhdr)                \addtolength{\topmargin}{-20.80276pt}.

[17]
Underfull \hbox (badness 10000) in paragraph at lines 194--195

 []

File: ../../../logo/logo.png Graphic file (type png)
<use ../../../logo/logo.png>
Package pdftex.def Info: ../../../logo/logo.png  used on input line 227.
(pdftex.def)             Requested size: 28.45274pt x 28.45158pt.

Package fancyhdr Warning: \headheight is too small (12.0pt): 
(fancyhdr)                Make it at least 32.80276pt, for example:
(fancyhdr)                \setlength{\headheight}{32.80276pt}.
(fancyhdr)                You might also make \topmargin smaller to compensate:
(fancyhdr)                \addtolength{\topmargin}{-20.80276pt}.

[18]
File: ../../../logo/logo.png Graphic file (type png)
<use ../../../logo/logo.png>
Package pdftex.def Info: ../../../logo/logo.png  used on input line 239.
(pdftex.def)             Requested size: 28.45274pt x 28.45158pt.


Package fancyhdr Warning: \headheight is too small (12.0pt): 
(fancyhdr)                Make it at least 32.80276pt, for example:
(fancyhdr)                \setlength{\headheight}{32.80276pt}.
(fancyhdr)                You might also make \topmargin smaller to compensate:
(fancyhdr)                \addtolength{\topmargin}{-20.80276pt}.

[19]
File: ../../../logo/logo.png Graphic file (type png)
<use ../../../logo/logo.png>
Package pdftex.def Info: ../../../logo/logo.png  used on input line 250.
(pdftex.def)             Requested size: 28.45274pt x 28.45158pt.


Package fancyhdr Warning: \headheight is too small (12.0pt): 
(fancyhdr)                Make it at least 32.80276pt, for example:
(fancyhdr)                \setlength{\headheight}{32.80276pt}.
(fancyhdr)                You might also make \topmargin smaller to compensate:
(fancyhdr)                \addtolength{\topmargin}{-20.80276pt}.

[20]
File: ../../../logo/logo.png Graphic file (type png)
<use ../../../logo/logo.png>
Package pdftex.def Info: ../../../logo/logo.png  used on input line 265.
(pdftex.def)             Requested size: 28.45274pt x 28.45158pt.


Package fancyhdr Warning: \headheight is too small (12.0pt): 
(fancyhdr)                Make it at least 32.80276pt, for example:
(fancyhdr)                \setlength{\headheight}{32.80276pt}.
(fancyhdr)                You might also make \topmargin smaller to compensate:
(fancyhdr)                \addtolength{\topmargin}{-20.80276pt}.

[21]
File: ../../../logo/logo.png Graphic file (type png)
<use ../../../logo/logo.png>
Package pdftex.def Info: ../../../logo/logo.png  used on input line 280.
(pdftex.def)             Requested size: 28.45274pt x 28.45158pt.


Package fancyhdr Warning: \headheight is too small (12.0pt): 
(fancyhdr)                Make it at least 32.80276pt, for example:
(fancyhdr)                \setlength{\headheight}{32.80276pt}.
(fancyhdr)                You might also make \topmargin smaller to compensate:
(fancyhdr)                \addtolength{\topmargin}{-20.80276pt}.

[22]
Underfull \hbox (badness 10000) in paragraph at lines 282--287

 []


Underfull \hbox (badness 10000) in paragraph at lines 289--289

 []


Underfull \hbox (badness 10000) in paragraph at lines 302--302

 []

File: ../../../logo/logo.png Graphic file (type png)
<use ../../../logo/logo.png>
Package pdftex.def Info: ../../../logo/logo.png  used on input line 302.
(pdftex.def)             Requested size: 28.45274pt x 28.45158pt.

Package fancyhdr Warning: \headheight is too small (12.0pt): 
(fancyhdr)                Make it at least 32.80276pt, for example:
(fancyhdr)                \setlength{\headheight}{32.80276pt}.
(fancyhdr)                You might also make \topmargin smaller to compensate:
(fancyhdr)                \addtolength{\topmargin}{-20.80276pt}.

[23]
File: ../../../logo/logo.png Graphic file (type png)
<use ../../../logo/logo.png>
Package pdftex.def Info: ../../../logo/logo.png  used on input line 331.
(pdftex.def)             Requested size: 28.45274pt x 28.45158pt.


Package fancyhdr Warning: \headheight is too small (12.0pt): 
(fancyhdr)                Make it at least 32.80276pt, for example:
(fancyhdr)                \setlength{\headheight}{32.80276pt}.
(fancyhdr)                You might also make \topmargin smaller to compensate:
(fancyhdr)                \addtolength{\topmargin}{-20.80276pt}.

[24]
File: ../../../logo/logo.png Graphic file (type png)
<use ../../../logo/logo.png>
Package pdftex.def Info: ../../../logo/logo.png  used on input line 346.
(pdftex.def)             Requested size: 28.45274pt x 28.45158pt.


Package fancyhdr Warning: \headheight is too small (12.0pt): 
(fancyhdr)                Make it at least 32.80276pt, for example:
(fancyhdr)                \setlength{\headheight}{32.80276pt}.
(fancyhdr)                You might also make \topmargin smaller to compensate:
(fancyhdr)                \addtolength{\topmargin}{-20.80276pt}.

[25]
File: ../../../logo/logo.png Graphic file (type png)
<use ../../../logo/logo.png>
Package pdftex.def Info: ../../../logo/logo.png  used on input line 367.
(pdftex.def)             Requested size: 28.45274pt x 28.45158pt.


Package fancyhdr Warning: \headheight is too small (12.0pt): 
(fancyhdr)                Make it at least 32.80276pt, for example:
(fancyhdr)                \setlength{\headheight}{32.80276pt}.
(fancyhdr)                You might also make \topmargin smaller to compensate:
(fancyhdr)                \addtolength{\topmargin}{-20.80276pt}.

[26]
Underfull \hbox (badness 10000) in paragraph at lines 372--373

 []

File: ../../../logo/logo.png Graphic file (type png)
<use ../../../logo/logo.png>
Package pdftex.def Info: ../../../logo/logo.png  used on input line 380.
(pdftex.def)             Requested size: 28.45274pt x 28.45158pt.

Package fancyhdr Warning: \headheight is too small (12.0pt): 
(fancyhdr)                Make it at least 32.80276pt, for example:
(fancyhdr)                \setlength{\headheight}{32.80276pt}.
(fancyhdr)                You might also make \topmargin smaller to compensate:
(fancyhdr)                \addtolength{\topmargin}{-20.80276pt}.

[27])
File: ../../../logo/logo.png Graphic file (type png)
<use ../../../logo/logo.png>
Package pdftex.def Info: ../../../logo/logo.png  used on input line 64.
(pdftex.def)             Requested size: 28.45274pt x 28.45158pt.


Package fancyhdr Warning: \headheight is too small (12.0pt): 
(fancyhdr)                Make it at least 32.80276pt, for example:
(fancyhdr)                \setlength{\headheight}{32.80276pt}.
(fancyhdr)                You might also make \topmargin smaller to compensate:
(fancyhdr)                \addtolength{\topmargin}{-20.80276pt}.

[28] (./processi_di_supporto.tex Excluding 'comment' comment.
File: ../../../logo/logo.png Graphic file (type png)
<use ../../../logo/logo.png>
Package pdftex.def Info: ../../../logo/logo.png  used on input line 51.
(pdftex.def)             Requested size: 28.45274pt x 28.45158pt.


Package fancyhdr Warning: \headheight is too small (12.0pt): 
(fancyhdr)                Make it at least 32.80276pt, for example:
(fancyhdr)                \setlength{\headheight}{32.80276pt}.
(fancyhdr)                You might also make \topmargin smaller to compensate:
(fancyhdr)                \addtolength{\topmargin}{-20.80276pt}.

[29]
File: ../../../logo/logo.png Graphic file (type png)
<use ../../../logo/logo.png>
Package pdftex.def Info: ../../../logo/logo.png  used on input line 83.
(pdftex.def)             Requested size: 28.45274pt x 28.45158pt.


Package fancyhdr Warning: \headheight is too small (12.0pt): 
(fancyhdr)                Make it at least 32.80276pt, for example:
(fancyhdr)                \setlength{\headheight}{32.80276pt}.
(fancyhdr)                You might also make \topmargin smaller to compensate:
(fancyhdr)                \addtolength{\topmargin}{-20.80276pt}.

[30]
File: ../../../logo/logo.png Graphic file (type png)
<use ../../../logo/logo.png>
Package pdftex.def Info: ../../../logo/logo.png  used on input line 112.
(pdftex.def)             Requested size: 28.45274pt x 28.45158pt.


Package fancyhdr Warning: \headheight is too small (12.0pt): 
(fancyhdr)                Make it at least 32.80276pt, for example:
(fancyhdr)                \setlength{\headheight}{32.80276pt}.
(fancyhdr)                You might also make \topmargin smaller to compensate:
(fancyhdr)                \addtolength{\topmargin}{-20.80276pt}.

[31]
File: ../../../logo/logo.png Graphic file (type png)
<use ../../../logo/logo.png>
Package pdftex.def Info: ../../../logo/logo.png  used on input line 138.
(pdftex.def)             Requested size: 28.45274pt x 28.45158pt.


Package fancyhdr Warning: \headheight is too small (12.0pt): 
(fancyhdr)                Make it at least 32.80276pt, for example:
(fancyhdr)                \setlength{\headheight}{32.80276pt}.
(fancyhdr)                You might also make \topmargin smaller to compensate:
(fancyhdr)                \addtolength{\topmargin}{-20.80276pt}.

[32]
File: ../../../logo/logo.png Graphic file (type png)
<use ../../../logo/logo.png>
Package pdftex.def Info: ../../../logo/logo.png  used on input line 167.
(pdftex.def)             Requested size: 28.45274pt x 28.45158pt.


Package fancyhdr Warning: \headheight is too small (12.0pt): 
(fancyhdr)                Make it at least 32.80276pt, for example:
(fancyhdr)                \setlength{\headheight}{32.80276pt}.
(fancyhdr)                You might also make \topmargin smaller to compensate:
(fancyhdr)                \addtolength{\topmargin}{-20.80276pt}.

[33]
File: ../../../logo/logo.png Graphic file (type png)
<use ../../../logo/logo.png>
Package pdftex.def Info: ../../../logo/logo.png  used on input line 202.
(pdftex.def)             Requested size: 28.45274pt x 28.45158pt.


Package fancyhdr Warning: \headheight is too small (12.0pt): 
(fancyhdr)                Make it at least 32.80276pt, for example:
(fancyhdr)                \setlength{\headheight}{32.80276pt}.
(fancyhdr)                You might also make \topmargin smaller to compensate:
(fancyhdr)                \addtolength{\topmargin}{-20.80276pt}.

[34]

LaTeX Warning: `!h' float specifier changed to `!ht'.

File: ../../../logo/logo.png Graphic file (type png)
<use ../../../logo/logo.png>
Package pdftex.def Info: ../../../logo/logo.png  used on input line 258.
(pdftex.def)             Requested size: 28.45274pt x 28.45158pt.

Package fancyhdr Warning: \headheight is too small (12.0pt): 
(fancyhdr)                Make it at least 32.80276pt, for example:
(fancyhdr)                \setlength{\headheight}{32.80276pt}.
(fancyhdr)                You might also make \topmargin smaller to compensate:
(fancyhdr)                \addtolength{\topmargin}{-20.80276pt}.

[35]
File: ../../../logo/logo.png Graphic file (type png)
<use ../../../logo/logo.png>
Package pdftex.def Info: ../../../logo/logo.png  used on input line 276.
(pdftex.def)             Requested size: 28.45274pt x 28.45158pt.


Package fancyhdr Warning: \headheight is too small (12.0pt): 
(fancyhdr)                Make it at least 32.80276pt, for example:
(fancyhdr)                \setlength{\headheight}{32.80276pt}.
(fancyhdr)                You might also make \topmargin smaller to compensate:
(fancyhdr)                \addtolength{\topmargin}{-20.80276pt}.

[36]
Overfull \hbox (6.85645pt too wide) in paragraph at lines 277--279
[]\OT1/qag/b/n/12 Conformit[]a al-le nor-me\OT1/qag/m/n/12 : ve-ri-fi-ca che il do-cu-men-to se-gua le li-nee gui-da e gli []|   [][]
 []

File: ../../../logo/logo.png Graphic file (type png)
<use ../../../logo/logo.png>
Package pdftex.def Info: ../../../logo/logo.png  used on input line 300.
(pdftex.def)             Requested size: 28.45274pt x 28.45158pt.

Package fancyhdr Warning: \headheight is too small (12.0pt): 
(fancyhdr)                Make it at least 32.80276pt, for example:
(fancyhdr)                \setlength{\headheight}{32.80276pt}.
(fancyhdr)                You might also make \topmargin smaller to compensate:
(fancyhdr)                \addtolength{\topmargin}{-20.80276pt}.

[37]
File: ../../../logo/logo.png Graphic file (type png)
<use ../../../logo/logo.png>
Package pdftex.def Info: ../../../logo/logo.png  used on input line 326.
(pdftex.def)             Requested size: 28.45274pt x 28.45158pt.


Package fancyhdr Warning: \headheight is too small (12.0pt): 
(fancyhdr)                Make it at least 32.80276pt, for example:
(fancyhdr)                \setlength{\headheight}{32.80276pt}.
(fancyhdr)                You might also make \topmargin smaller to compensate:
(fancyhdr)                \addtolength{\topmargin}{-20.80276pt}.

[38]
File: ../../../logo/logo.png Graphic file (type png)
<use ../../../logo/logo.png>
Package pdftex.def Info: ../../../logo/logo.png  used on input line 353.
(pdftex.def)             Requested size: 28.45274pt x 28.45158pt.


Package fancyhdr Warning: \headheight is too small (12.0pt): 
(fancyhdr)                Make it at least 32.80276pt, for example:
(fancyhdr)                \setlength{\headheight}{32.80276pt}.
(fancyhdr)                You might also make \topmargin smaller to compensate:
(fancyhdr)                \addtolength{\topmargin}{-20.80276pt}.

[39]
Overfull \hbox (0.71863pt too wide) in paragraph at lines 362--366
\OT1/qag/m/n/12 I []|   [][] di si-ste-ma so-no fi-na-liz-za-ti al-la ve-ri-fi-ca del cor-ret-to fun-zio-na-men-to del-l'in-te-ro []|   [][].
 []

File: ../../../logo/logo.png Graphic file (type png)
<use ../../../logo/logo.png>
Package pdftex.def Info: ../../../logo/logo.png  used on input line 382.
(pdftex.def)             Requested size: 28.45274pt x 28.45158pt.

Package fancyhdr Warning: \headheight is too small (12.0pt): 
(fancyhdr)                Make it at least 32.80276pt, for example:
(fancyhdr)                \setlength{\headheight}{32.80276pt}.
(fancyhdr)                You might also make \topmargin smaller to compensate:
(fancyhdr)                \addtolength{\topmargin}{-20.80276pt}.

[40]
File: ../../../logo/logo.png Graphic file (type png)
<use ../../../logo/logo.png>
Package pdftex.def Info: ../../../logo/logo.png  used on input line 418.
(pdftex.def)             Requested size: 28.45274pt x 28.45158pt.


Package fancyhdr Warning: \headheight is too small (12.0pt): 
(fancyhdr)                Make it at least 32.80276pt, for example:
(fancyhdr)                \setlength{\headheight}{32.80276pt}.
(fancyhdr)                You might also make \topmargin smaller to compensate:
(fancyhdr)                \addtolength{\topmargin}{-20.80276pt}.

[41]
File: ../../../logo/logo.png Graphic file (type png)
<use ../../../logo/logo.png>
Package pdftex.def Info: ../../../logo/logo.png  used on input line 448.
(pdftex.def)             Requested size: 28.45274pt x 28.45158pt.


Package fancyhdr Warning: \headheight is too small (12.0pt): 
(fancyhdr)                Make it at least 32.80276pt, for example:
(fancyhdr)                \setlength{\headheight}{32.80276pt}.
(fancyhdr)                You might also make \topmargin smaller to compensate:
(fancyhdr)                \addtolength{\topmargin}{-20.80276pt}.

[42]
File: ../../../logo/logo.png Graphic file (type png)
<use ../../../logo/logo.png>
Package pdftex.def Info: ../../../logo/logo.png  used on input line 479.
(pdftex.def)             Requested size: 28.45274pt x 28.45158pt.


Package fancyhdr Warning: \headheight is too small (12.0pt): 
(fancyhdr)                Make it at least 32.80276pt, for example:
(fancyhdr)                \setlength{\headheight}{32.80276pt}.
(fancyhdr)                You might also make \topmargin smaller to compensate:
(fancyhdr)                \addtolength{\topmargin}{-20.80276pt}.

[43]
File: ../../../logo/logo.png Graphic file (type png)
<use ../../../logo/logo.png>
Package pdftex.def Info: ../../../logo/logo.png  used on input line 504.
(pdftex.def)             Requested size: 28.45274pt x 28.45158pt.


Package fancyhdr Warning: \headheight is too small (12.0pt): 
(fancyhdr)                Make it at least 32.80276pt, for example:
(fancyhdr)                \setlength{\headheight}{32.80276pt}.
(fancyhdr)                You might also make \topmargin smaller to compensate:
(fancyhdr)                \addtolength{\topmargin}{-20.80276pt}.

[44]
Overfull \hbox (9.4618pt too wide) in paragraph at lines 511--513
\OT1/qag/m/n/12 Per lo svol-gi-men-to di que-sto pro-ces-so in mo-do or-di-na-to e strut-tu-ra-to se-guia-mo lo []|   [][]
 []

File: ../../../logo/logo.png Graphic file (type png)
<use ../../../logo/logo.png>
Package pdftex.def Info: ../../../logo/logo.png  used on input line 530.
(pdftex.def)             Requested size: 28.45274pt x 28.45158pt.

Package fancyhdr Warning: \headheight is too small (12.0pt): 
(fancyhdr)                Make it at least 32.80276pt, for example:
(fancyhdr)                \setlength{\headheight}{32.80276pt}.
(fancyhdr)                You might also make \topmargin smaller to compensate:
(fancyhdr)                \addtolength{\topmargin}{-20.80276pt}.

[45]
Overfull \hbox (19.32573pt too wide) in paragraph at lines 533--538
\OT1/qag/m/n/12 La con-ta-bi-lit[]a del-lo sta-to di con-fi-gu-ra-zio-ne (o Con-fi-gu-ra-tion Sta-tus Ac-coun-ting) []e un'[]|   [][]
 []


Overfull \hbox (1.9917pt too wide) in paragraph at lines 533--538
\OT1/qag/m/n/12 che si oc-cu-pa di te-ne-re trac-cia e mon-to-ra-re tut-te le con-fi-gu-ra-zio-ni di un []|   [][] []|   [][]
 []

File: ../../../logo/logo.png Graphic file (type png)
<use ../../../logo/logo.png>
Package pdftex.def Info: ../../../logo/logo.png  used on input line 565.
(pdftex.def)             Requested size: 28.45274pt x 28.45158pt.

Package fancyhdr Warning: \headheight is too small (12.0pt): 
(fancyhdr)                Make it at least 32.80276pt, for example:
(fancyhdr)                \setlength{\headheight}{32.80276pt}.
(fancyhdr)                You might also make \topmargin smaller to compensate:
(fancyhdr)                \addtolength{\topmargin}{-20.80276pt}.

[46])
File: ../../../logo/logo.png Graphic file (type png)
<use ../../../logo/logo.png>
Package pdftex.def Info: ../../../logo/logo.png  used on input line 68.
(pdftex.def)             Requested size: 28.45274pt x 28.45158pt.


Package fancyhdr Warning: \headheight is too small (12.0pt): 
(fancyhdr)                Make it at least 32.80276pt, for example:
(fancyhdr)                \setlength{\headheight}{32.80276pt}.
(fancyhdr)                You might also make \topmargin smaller to compensate:
(fancyhdr)                \addtolength{\topmargin}{-20.80276pt}.

[47]
Overfull \vbox (164.10483pt too high) has occurred while \output is active []

File: ../../../logo/logo.png Graphic file (type png)
<use ../../../logo/logo.png>
Package pdftex.def Info: ../../../logo/logo.png  used on input line 68.
(pdftex.def)             Requested size: 28.45274pt x 28.45158pt.


Package fancyhdr Warning: \headheight is too small (12.0pt): 
(fancyhdr)                Make it at least 32.80276pt, for example:
(fancyhdr)                \setlength{\headheight}{32.80276pt}.
(fancyhdr)                You might also make \topmargin smaller to compensate:
(fancyhdr)                \addtolength{\topmargin}{-20.80276pt}.

[48] (./processi_organizzativi.tex
File: ../../../logo/logo.png Graphic file (type png)
<use ../../../logo/logo.png>
Package pdftex.def Info: ../../../logo/logo.png  used on input line 33.
(pdftex.def)             Requested size: 28.45274pt x 28.45158pt.


Package fancyhdr Warning: \headheight is too small (12.0pt): 
(fancyhdr)                Make it at least 32.80276pt, for example:
(fancyhdr)                \setlength{\headheight}{32.80276pt}.
(fancyhdr)                You might also make \topmargin smaller to compensate:
(fancyhdr)                \addtolength{\topmargin}{-20.80276pt}.

[49]
File: ../../../logo/logo.png Graphic file (type png)
<use ../../../logo/logo.png>
Package pdftex.def Info: ../../../logo/logo.png  used on input line 51.
(pdftex.def)             Requested size: 28.45274pt x 28.45158pt.


Package fancyhdr Warning: \headheight is too small (12.0pt): 
(fancyhdr)                Make it at least 32.80276pt, for example:
(fancyhdr)                \setlength{\headheight}{32.80276pt}.
(fancyhdr)                You might also make \topmargin smaller to compensate:
(fancyhdr)                \addtolength{\topmargin}{-20.80276pt}.

[50]
File: ../../../logo/logo.png Graphic file (type png)
<use ../../../logo/logo.png>
Package pdftex.def Info: ../../../logo/logo.png  used on input line 77.
(pdftex.def)             Requested size: 28.45274pt x 28.45158pt.


Package fancyhdr Warning: \headheight is too small (12.0pt): 
(fancyhdr)                Make it at least 32.80276pt, for example:
(fancyhdr)                \setlength{\headheight}{32.80276pt}.
(fancyhdr)                You might also make \topmargin smaller to compensate:
(fancyhdr)                \addtolength{\topmargin}{-20.80276pt}.

[51]
File: ../../../logo/logo.png Graphic file (type png)
<use ../../../logo/logo.png>
Package pdftex.def Info: ../../../logo/logo.png  used on input line 100.
(pdftex.def)             Requested size: 28.45274pt x 28.45158pt.


Package fancyhdr Warning: \headheight is too small (12.0pt): 
(fancyhdr)                Make it at least 32.80276pt, for example:
(fancyhdr)                \setlength{\headheight}{32.80276pt}.
(fancyhdr)                You might also make \topmargin smaller to compensate:
(fancyhdr)                \addtolength{\topmargin}{-20.80276pt}.

[52]
File: ../../../logo/logo.png Graphic file (type png)
<use ../../../logo/logo.png>
Package pdftex.def Info: ../../../logo/logo.png  used on input line 124.
(pdftex.def)             Requested size: 28.45274pt x 28.45158pt.


Package fancyhdr Warning: \headheight is too small (12.0pt): 
(fancyhdr)                Make it at least 32.80276pt, for example:
(fancyhdr)                \setlength{\headheight}{32.80276pt}.
(fancyhdr)                You might also make \topmargin smaller to compensate:
(fancyhdr)                \addtolength{\topmargin}{-20.80276pt}.

[53]
File: ../../../logo/logo.png Graphic file (type png)
<use ../../../logo/logo.png>
Package pdftex.def Info: ../../../logo/logo.png  used on input line 148.
(pdftex.def)             Requested size: 28.45274pt x 28.45158pt.


Package fancyhdr Warning: \headheight is too small (12.0pt): 
(fancyhdr)                Make it at least 32.80276pt, for example:
(fancyhdr)                \setlength{\headheight}{32.80276pt}.
(fancyhdr)                You might also make \topmargin smaller to compensate:
(fancyhdr)                \addtolength{\topmargin}{-20.80276pt}.

[54]
File: ../../../logo/logo.png Graphic file (type png)
<use ../../../logo/logo.png>
Package pdftex.def Info: ../../../logo/logo.png  used on input line 165.
(pdftex.def)             Requested size: 28.45274pt x 28.45158pt.


Package fancyhdr Warning: \headheight is too small (12.0pt): 
(fancyhdr)                Make it at least 32.80276pt, for example:
(fancyhdr)                \setlength{\headheight}{32.80276pt}.
(fancyhdr)                You might also make \topmargin smaller to compensate:
(fancyhdr)                \addtolength{\topmargin}{-20.80276pt}.

[55]
File: ../../../logo/logo.png Graphic file (type png)
<use ../../../logo/logo.png>
Package pdftex.def Info: ../../../logo/logo.png  used on input line 182.
(pdftex.def)             Requested size: 28.45274pt x 28.45158pt.


Package fancyhdr Warning: \headheight is too small (12.0pt): 
(fancyhdr)                Make it at least 32.80276pt, for example:
(fancyhdr)                \setlength{\headheight}{32.80276pt}.
(fancyhdr)                You might also make \topmargin smaller to compensate:
(fancyhdr)                \addtolength{\topmargin}{-20.80276pt}.

[56]
File: ../../../logo/logo.png Graphic file (type png)
<use ../../../logo/logo.png>
Package pdftex.def Info: ../../../logo/logo.png  used on input line 204.
(pdftex.def)             Requested size: 28.45274pt x 28.45158pt.


Package fancyhdr Warning: \headheight is too small (12.0pt): 
(fancyhdr)                Make it at least 32.80276pt, for example:
(fancyhdr)                \setlength{\headheight}{32.80276pt}.
(fancyhdr)                You might also make \topmargin smaller to compensate:
(fancyhdr)                \addtolength{\topmargin}{-20.80276pt}.

[57]
File: ../../../logo/logo.png Graphic file (type png)
<use ../../../logo/logo.png>
Package pdftex.def Info: ../../../logo/logo.png  used on input line 224.
(pdftex.def)             Requested size: 28.45274pt x 28.45158pt.


Package fancyhdr Warning: \headheight is too small (12.0pt): 
(fancyhdr)                Make it at least 32.80276pt, for example:
(fancyhdr)                \setlength{\headheight}{32.80276pt}.
(fancyhdr)                You might also make \topmargin smaller to compensate:
(fancyhdr)                \addtolength{\topmargin}{-20.80276pt}.

[58]
File: ../../../logo/logo.png Graphic file (type png)
<use ../../../logo/logo.png>
Package pdftex.def Info: ../../../logo/logo.png  used on input line 248.
(pdftex.def)             Requested size: 28.45274pt x 28.45158pt.


Package fancyhdr Warning: \headheight is too small (12.0pt): 
(fancyhdr)                Make it at least 32.80276pt, for example:
(fancyhdr)                \setlength{\headheight}{32.80276pt}.
(fancyhdr)                You might also make \topmargin smaller to compensate:
(fancyhdr)                \addtolength{\topmargin}{-20.80276pt}.

[59])
File: ../../../logo/logo.png Graphic file (type png)
<use ../../../logo/logo.png>
Package pdftex.def Info: ../../../logo/logo.png  used on input line 72.
(pdftex.def)             Requested size: 28.45274pt x 28.45158pt.


Package fancyhdr Warning: \headheight is too small (12.0pt): 
(fancyhdr)                Make it at least 32.80276pt, for example:
(fancyhdr)                \setlength{\headheight}{32.80276pt}.
(fancyhdr)                You might also make \topmargin smaller to compensate:
(fancyhdr)                \addtolength{\topmargin}{-20.80276pt}.

[60] (./standard_qualit.tex
File: ../../../logo/logo.png Graphic file (type png)
<use ../../../logo/logo.png>
Package pdftex.def Info: ../../../logo/logo.png  used on input line 19.
(pdftex.def)             Requested size: 28.45274pt x 28.45158pt.


Package fancyhdr Warning: \headheight is too small (12.0pt): 
(fancyhdr)                Make it at least 32.80276pt, for example:
(fancyhdr)                \setlength{\headheight}{32.80276pt}.
(fancyhdr)                You might also make \topmargin smaller to compensate:
(fancyhdr)                \addtolength{\topmargin}{-20.80276pt}.

[61]
File: ../../../logo/logo.png Graphic file (type png)
<use ../../../logo/logo.png>
Package pdftex.def Info: ../../../logo/logo.png  used on input line 41.
(pdftex.def)             Requested size: 28.45274pt x 28.45158pt.


Package fancyhdr Warning: \headheight is too small (12.0pt): 
(fancyhdr)                Make it at least 32.80276pt, for example:
(fancyhdr)                \setlength{\headheight}{32.80276pt}.
(fancyhdr)                You might also make \topmargin smaller to compensate:
(fancyhdr)                \addtolength{\topmargin}{-20.80276pt}.

[62]
File: ../../../logo/logo.png Graphic file (type png)
<use ../../../logo/logo.png>
Package pdftex.def Info: ../../../logo/logo.png  used on input line 58.
(pdftex.def)             Requested size: 28.45274pt x 28.45158pt.


Package fancyhdr Warning: \headheight is too small (12.0pt): 
(fancyhdr)                Make it at least 32.80276pt, for example:
(fancyhdr)                \setlength{\headheight}{32.80276pt}.
(fancyhdr)                You might also make \topmargin smaller to compensate:
(fancyhdr)                \addtolength{\topmargin}{-20.80276pt}.

[63]
File: ../../../logo/logo.png Graphic file (type png)
<use ../../../logo/logo.png>
Package pdftex.def Info: ../../../logo/logo.png  used on input line 79.
(pdftex.def)             Requested size: 28.45274pt x 28.45158pt.


Package fancyhdr Warning: \headheight is too small (12.0pt): 
(fancyhdr)                Make it at least 32.80276pt, for example:
(fancyhdr)                \setlength{\headheight}{32.80276pt}.
(fancyhdr)                You might also make \topmargin smaller to compensate:
(fancyhdr)                \addtolength{\topmargin}{-20.80276pt}.

[64])
File: ../../../logo/logo.png Graphic file (type png)
<use ../../../logo/logo.png>
Package pdftex.def Info: ../../../logo/logo.png  used on input line 77.
(pdftex.def)             Requested size: 28.45274pt x 28.45158pt.


Package fancyhdr Warning: \headheight is too small (12.0pt): 
(fancyhdr)                Make it at least 32.80276pt, for example:
(fancyhdr)                \setlength{\headheight}{32.80276pt}.
(fancyhdr)                You might also make \topmargin smaller to compensate:
(fancyhdr)                \addtolength{\topmargin}{-20.80276pt}.

[65] (./metriche_qualit.tex
Overfull \hbox (19.24028pt too wide) in paragraph at lines 35--35
 []|\OT1/qag/m/n/12 Requirements 
 []

File: ../../../logo/logo.png Graphic file (type png)
<use ../../../logo/logo.png>
Package pdftex.def Info: ../../../logo/logo.png  used on input line 41.
(pdftex.def)             Requested size: 28.45274pt x 28.45158pt.

Package fancyhdr Warning: \headheight is too small (12.0pt): 
(fancyhdr)                Make it at least 32.80276pt, for example:
(fancyhdr)                \setlength{\headheight}{32.80276pt}.
(fancyhdr)                You might also make \topmargin smaller to compensate:
(fancyhdr)                \addtolength{\topmargin}{-20.80276pt}.

[66]
File: ../../../logo/logo.png Graphic file (type png)
<use ../../../logo/logo.png>
Package pdftex.def Info: ../../../logo/logo.png  used on input line 41.
(pdftex.def)             Requested size: 28.45274pt x 28.45158pt.


Package fancyhdr Warning: \headheight is too small (12.0pt): 
(fancyhdr)                Make it at least 32.80276pt, for example:
(fancyhdr)                \setlength{\headheight}{32.80276pt}.
(fancyhdr)                You might also make \topmargin smaller to compensate:
(fancyhdr)                \addtolength{\topmargin}{-20.80276pt}.

[67]
File: ../../../logo/logo.png Graphic file (type png)
<use ../../../logo/logo.png>
Package pdftex.def Info: ../../../logo/logo.png  used on input line 41.
(pdftex.def)             Requested size: 28.45274pt x 28.45158pt.


Package fancyhdr Warning: \headheight is too small (12.0pt): 
(fancyhdr)                Make it at least 32.80276pt, for example:
(fancyhdr)                \setlength{\headheight}{32.80276pt}.
(fancyhdr)                You might also make \topmargin smaller to compensate:
(fancyhdr)                \addtolength{\topmargin}{-20.80276pt}.

[68]
Overfull \hbox (3.49632pt too wide) in paragraph at lines 62--62
 []|\OT1/qag/m/n/12 Coefficient 
 []


Overfull \hbox (7.80933pt too wide) in paragraph at lines 64--65
 []$| 
 []


Overfull \hbox (5.95625pt too wide) in paragraph at lines 66--66
 []|\OT1/qag/m/n/12 Correttezza 
 []

File: ../../../logo/logo.png Graphic file (type png)
<use ../../../logo/logo.png>
Package pdftex.def Info: ../../../logo/logo.png  used on input line 80.
(pdftex.def)             Requested size: 28.45274pt x 28.45158pt.

Package fancyhdr Warning: \headheight is too small (12.0pt): 
(fancyhdr)                Make it at least 32.80276pt, for example:
(fancyhdr)                \setlength{\headheight}{32.80276pt}.
(fancyhdr)                You might also make \topmargin smaller to compensate:
(fancyhdr)                \addtolength{\topmargin}{-20.80276pt}.

[69]
File: ../../../logo/logo.png Graphic file (type png)
<use ../../../logo/logo.png>
Package pdftex.def Info: ../../../logo/logo.png  used on input line 80.
(pdftex.def)             Requested size: 28.45274pt x 28.45158pt.


Package fancyhdr Warning: \headheight is too small (12.0pt): 
(fancyhdr)                Make it at least 32.80276pt, for example:
(fancyhdr)                \setlength{\headheight}{32.80276pt}.
(fancyhdr)                You might also make \topmargin smaller to compensate:
(fancyhdr)                \addtolength{\topmargin}{-20.80276pt}.

[70]
File: ../../../logo/logo.png Graphic file (type png)
<use ../../../logo/logo.png>
Package pdftex.def Info: ../../../logo/logo.png  used on input line 80.
(pdftex.def)             Requested size: 28.45274pt x 28.45158pt.


Package fancyhdr Warning: \headheight is too small (12.0pt): 
(fancyhdr)                Make it at least 32.80276pt, for example:
(fancyhdr)                \setlength{\headheight}{32.80276pt}.
(fancyhdr)                You might also make \topmargin smaller to compensate:
(fancyhdr)                \addtolength{\topmargin}{-20.80276pt}.

[71])
File: ../../../logo/logo.png Graphic file (type png)
<use ../../../logo/logo.png>
Package pdftex.def Info: ../../../logo/logo.png  used on input line 82.
(pdftex.def)             Requested size: 28.45274pt x 28.45158pt.


Package fancyhdr Warning: \headheight is too small (12.0pt): 
(fancyhdr)                Make it at least 32.80276pt, for example:
(fancyhdr)                \setlength{\headheight}{32.80276pt}.
(fancyhdr)                You might also make \topmargin smaller to compensate:
(fancyhdr)                \addtolength{\topmargin}{-20.80276pt}.

[72] (./norme_di_progetto_v0.1.aux (./title.aux) (./header.aux))
 ***********
LaTeX2e <2023-11-01> patch level 1
L3 programming layer <2024-02-20>
 ***********
Package rerunfilecheck Info: File `norme_di_progetto_v0.1.out' has not changed.
(rerunfilecheck)             Checksum: A4CF881459BB3F23800B346871804DF1;29068.
 ) 
Here is how much of TeX's memory you used:
 36602 strings out of 474116
 851037 string characters out of 5743682
 1957187 words of memory out of 5000000
 58031 multiletter control sequences out of 15000+600000
 588128 words of font info for 58 fonts, out of 8000000 for 9000
 1141 hyphenation exceptions out of 8191
 89i,19n,120p,1556b,1044s stack positions out of 10000i,1000n,20000p,200000b,200000s

pdfTeX warning (dest): name{testing} has been referenced but does not exist, replaced by a fixed one


pdfTeX warning (dest): name{verifica_dei_documenti} has been referenced but does not exist, replaced by a fixed one


pdfTeX warning (dest): name{pull_request} has been referenced but does not exist, replaced by a fixed one


pdfTeX warning (dest): name{convenzioni_nomenclatura} has been referenced but does not exist, replaced by a fixed one

</usr/local/texlive/2024/texmf-dist/fonts/type1/public/amsfonts/cm/cmmi12.pfb></usr/local/texlive/2024/texmf-dist/fonts/type1/public/amsfonts/cm/cmmi8.pfb></usr/local/texlive/2024/texmf-dist/fonts/type1/public/amsfonts/cm/cmr12.pfb></usr/local/texlive/2024/texmf-dist/fonts/type1/public/amsfonts/cm/cmr8.pfb></usr/local/texlive/2024/texmf-dist/fonts/type1/public/amsfonts/cm/cmsy10.pfb></usr/local/texlive/2024/texmf-dist/fonts/type1/public/amsfonts/cm/cmsy8.pfb></usr/local/texlive/2024/texmf-dist/fonts/type1/public/amsfonts/cm/cmtt12.pfb></usr/local/texlive/2024/texmf-dist/fonts/type1/public/tex-gyre/qagb.pfb></usr/local/texlive/2024/texmf-dist/fonts/type1/public/tex-gyre/qagr.pfb></usr/local/texlive/2024/texmf-dist/fonts/type1/public/tex-gyre/qagri.pfb>
Output written on norme_di_progetto_v0.1.pdf (73 pages, 1280381 bytes).
PDF statistics:
 1504 PDF objects out of 1728 (max. 8388607)
 1393 compressed objects within 14 object streams
 346 named destinations out of 1000 (max. 500000)
 1522 words of extra memory for PDF output out of 10000 (max. 10000000)

