\BOOKMARK [1][-]{section.1}{\376\377\000I\000n\000t\000r\000o\000d\000u\000z\000i\000o\000n\000e}{}% 1
\BOOKMARK [2][-]{subsection.1.1}{\376\377\000S\000c\000o\000p\000o\000\040\000d\000e\000l\000\040\000d\000o\000c\000u\000m\000e\000n\000t\000o}{section.1}% 2
\BOOKMARK [2][-]{subsection.1.2}{\376\377\000S\000c\000o\000p\000o\000\040\000d\000e\000l\000\040\000p\000r\000o\000g\000e\000t\000t\000o}{section.1}% 3
\BOOKMARK [2][-]{subsection.1.3}{\376\377\000G\000l\000o\000s\000s\000a\000r\000i\000o}{section.1}% 4
\BOOKMARK [2][-]{subsection.1.4}{\376\377\000R\000i\000f\000e\000r\000i\000m\000e\000n\000t\000i}{section.1}% 5
\BOOKMARK [3][-]{subsubsection.1.4.1}{\376\377\000R\000i\000f\000e\000r\000i\000m\000e\000n\000t\000i\000\040\000n\000o\000r\000m\000a\000t\000i\000v\000i}{subsection.1.4}% 6
\BOOKMARK [3][-]{subsubsection.1.4.2}{\376\377\000R\000i\000f\000e\000r\000i\000m\000e\000n\000t\000i\000\040\000i\000n\000f\000o\000r\000m\000a\000t\000i\000v\000i}{subsection.1.4}% 7
\BOOKMARK [1][-]{section.2}{\376\377\000P\000r\000o\000c\000e\000s\000s\000i\000\040\000p\000r\000i\000m\000a\000r\000i}{}% 8
\BOOKMARK [2][-]{subsection.2.1}{\376\377\000F\000o\000r\000n\000i\000t\000u\000r\000a}{section.2}% 9
\BOOKMARK [3][-]{subsubsection.2.1.1}{\376\377\000I\000n\000t\000r\000o\000d\000u\000z\000i\000o\000n\000e}{subsection.2.1}% 10
\BOOKMARK [3][-]{subsubsection.2.1.2}{\376\377\000A\000t\000t\000i\000v\000i\000t\000\340}{subsection.2.1}% 11
\BOOKMARK [3][-]{subsubsection.2.1.3}{\376\377\000C\000o\000m\000u\000n\000i\000c\000a\000z\000i\000o\000n\000i\000\040\000c\000o\000n\000\040\000l\000'\000a\000z\000i\000e\000n\000d\000a\000\040\000p\000r\000o\000p\000o\000n\000e\000n\000t\000e}{subsection.2.1}% 12
\BOOKMARK [3][-]{subsubsection.2.1.4}{\376\377\000D\000o\000c\000u\000m\000e\000n\000t\000a\000z\000i\000o\000n\000e\000\040\000f\000o\000r\000n\000i\000t\000a}{subsection.2.1}% 13
\BOOKMARK [4][-]{subsubsubsection.2.1.4.1}{\376\377\000V\000a\000l\000u\000t\000a\000z\000i\000o\000n\000e\000\040\000d\000e\000i\000\040\000c\000a\000p\000i\000t\000o\000l\000a\000t\000i}{subsubsection.2.1.4}% 14
\BOOKMARK [4][-]{subsubsubsection.2.1.4.2}{\376\377\000A\000n\000a\000l\000i\000s\000i\000\040\000d\000e\000i\000\040\000r\000e\000q\000u\000i\000s\000i\000t\000i}{subsubsection.2.1.4}% 15
\BOOKMARK [4][-]{subsubsubsection.2.1.4.3}{\376\377\000P\000i\000a\000n\000o\000\040\000d\000i\000\040\000p\000r\000o\000g\000e\000t\000t\000o}{subsubsection.2.1.4}% 16
\BOOKMARK [4][-]{subsubsubsection.2.1.4.4}{\376\377\000P\000i\000a\000n\000o\000\040\000d\000i\000\040\000q\000u\000a\000l\000i\000f\000i\000c\000a}{subsubsection.2.1.4}% 17
\BOOKMARK [4][-]{subsubsubsection.2.1.4.5}{\376\377\000G\000l\000o\000s\000s\000a\000r\000i\000o}{subsubsection.2.1.4}% 18
\BOOKMARK [4][-]{subsubsubsection.2.1.4.6}{\376\377\000L\000e\000t\000t\000e\000r\000a\000\040\000d\000i\000\040\000p\000r\000e\000s\000e\000n\000t\000a\000z\000i\000o\000n\000e}{subsubsection.2.1.4}% 19
\BOOKMARK [3][-]{subsubsection.2.1.5}{\376\377\000S\000t\000r\000u\000m\000e\000n\000t\000i}{subsection.2.1}% 20
\BOOKMARK [4][-]{subsubsubsection.2.1.5.1}{\376\377\000D\000i\000s\000c\000o\000r\000d}{subsubsection.2.1.5}% 21
\BOOKMARK [4][-]{subsubsubsection.2.1.5.2}{\376\377\000L\000a\000t\000e\000x}{subsubsection.2.1.5}% 22
\BOOKMARK [4][-]{subsubsubsection.2.1.5.3}{\376\377\000G\000i\000t}{subsubsection.2.1.5}% 23
\BOOKMARK [3][-]{subsubsection.2.1.6}{\376\377\000G\000i\000t\000H\000u\000b}{subsection.2.1}% 24
\BOOKMARK [2][-]{subsection.2.2}{\376\377\000S\000v\000i\000l\000u\000p\000p\000o}{section.2}% 25
\BOOKMARK [3][-]{subsubsection.2.2.1}{\376\377\000I\000n\000t\000r\000o\000d\000u\000z\000i\000o\000n\000e}{subsection.2.2}% 26
\BOOKMARK [3][-]{subsubsection.2.2.2}{\376\377\000A\000n\000a\000l\000i\000s\000i\000\040\000d\000e\000i\000\040\000r\000e\000q\000u\000i\000s\000i\000t\000i}{subsection.2.2}% 27
\BOOKMARK [4][-]{subsubsubsection.2.2.2.1}{\376\377\000D\000e\000s\000c\000r\000i\000z\000i\000o\000n\000e}{subsubsection.2.2.2}% 28
\BOOKMARK [4][-]{subsubsubsection.2.2.2.2}{\376\377\000O\000b\000i\000e\000t\000t\000i\000v\000i}{subsubsection.2.2.2}% 29
\BOOKMARK [4][-]{subsubsubsection.2.2.2.3}{\376\377\000D\000o\000c\000u\000m\000e\000n\000t\000a\000z\000i\000o\000n\000e}{subsubsection.2.2.2}% 30
\BOOKMARK [4][-]{subsubsubsection.2.2.2.4}{\376\377\000C\000a\000s\000i\000\040\000d\000'\000u\000s\000o}{subsubsection.2.2.2}% 31
\BOOKMARK [4][-]{subsubsubsection.2.2.2.5}{\376\377\000D\000i\000a\000g\000r\000a\000m\000m\000i\000\040\000d\000e\000i\000\040\000c\000a\000s\000i\000\040\000d\000'\000u\000s\000o}{subsubsection.2.2.2}% 32
\BOOKMARK [4][-]{subsubsubsection.2.2.2.6}{\376\377\000R\000e\000q\000u\000i\000s\000i\000t\000i}{subsubsection.2.2.2}% 33
\BOOKMARK [4][-]{subsubsubsection.2.2.2.7}{\376\377\000M\000e\000t\000r\000i\000c\000h\000e}{subsubsection.2.2.2}% 34
\BOOKMARK [4][-]{subsubsubsection.2.2.2.8}{\376\377\000S\000t\000r\000u\000m\000e\000n\000t\000i}{subsubsection.2.2.2}% 35
\BOOKMARK [3][-]{subsubsection.2.2.3}{\376\377\000P\000r\000o\000g\000e\000t\000t\000a\000z\000i\000o\000n\000e}{subsection.2.2}% 36
\BOOKMARK [4][-]{subsubsubsection.2.2.3.1}{\376\377\000D\000e\000s\000c\000r\000i\000z\000i\000o\000n\000e}{subsubsection.2.2.3}% 37
\BOOKMARK [4][-]{subsubsubsection.2.2.3.2}{\376\377\000O\000b\000i\000e\000t\000t\000i\000v\000i}{subsubsection.2.2.3}% 38
\BOOKMARK [4][-]{subsubsubsection.2.2.3.3}{\376\377\000D\000o\000c\000u\000m\000e\000n\000t\000a\000z\000i\000o\000n\000e}{subsubsection.2.2.3}% 39
\BOOKMARK [4][-]{subsubsubsection.2.2.3.4}{\376\377\000Q\000u\000a\000l\000i\000t\000\340\000\040\000d\000e\000l\000l\000'\000a\000r\000c\000h\000i\000t\000e\000t\000t\000u\000r\000a}{subsubsection.2.2.3}% 40
\BOOKMARK [4][-]{subsubsubsection.2.2.3.5}{\376\377\000D\000i\000a\000g\000r\000a\000m\000m\000i\000\040\000U\000M\000L}{subsubsection.2.2.3}% 41
\BOOKMARK [4][-]{subsubsubsection.2.2.3.6}{\376\377\000D\000e\000s\000i\000g\000n\000\040\000p\000a\000t\000t\000e\000r\000n}{subsubsection.2.2.3}% 42
\BOOKMARK [4][-]{subsubsubsection.2.2.3.7}{\376\377\000T\000e\000s\000t}{subsubsection.2.2.3}% 43
\BOOKMARK [4][-]{subsubsubsection.2.2.3.8}{\376\377\000M\000e\000t\000r\000i\000c\000h\000e}{subsubsection.2.2.3}% 44
\BOOKMARK [4][-]{subsubsubsection.2.2.3.9}{\376\377\000S\000t\000r\000u\000m\000e\000n\000t\000i}{subsubsection.2.2.3}% 45
\BOOKMARK [3][-]{subsubsection.2.2.4}{\376\377\000C\000o\000d\000i\000f\000i\000c\000a}{subsection.2.2}% 46
\BOOKMARK [4][-]{subsubsubsection.2.2.4.1}{\376\377\000D\000e\000s\000c\000r\000i\000z\000i\000o\000n\000e}{subsubsection.2.2.4}% 47
\BOOKMARK [4][-]{subsubsubsection.2.2.4.2}{\376\377\000O\000b\000i\000e\000t\000t\000i\000v\000i}{subsubsection.2.2.4}% 48
\BOOKMARK [4][-]{subsubsubsection.2.2.4.3}{\376\377\000N\000o\000r\000m\000e\000\040\000d\000i\000\040\000c\000o\000d\000i\000f\000i\000c\000a}{subsubsection.2.2.4}% 49
\BOOKMARK [4][-]{subsubsubsection.2.2.4.4}{\376\377\000S\000t\000r\000u\000m\000e\000n\000t\000i}{subsubsection.2.2.4}% 50
\BOOKMARK [4][-]{subsubsubsection.2.2.4.5}{\376\377\000M\000e\000t\000r\000i\000c\000h\000e}{subsubsection.2.2.4}% 51
\BOOKMARK [3][-]{subsubsection.2.2.5}{\376\377\000C\000o\000n\000f\000i\000g\000u\000r\000a\000z\000i\000o\000n\000e\000\040\000d\000e\000l\000l\000'\000a\000m\000b\000i\000e\000n\000t\000e\000\040\000d\000i\000\040\000e\000s\000e\000c\000u\000z\000i\000o\000n\000e}{subsection.2.2}% 52
\BOOKMARK [4][-]{subsubsubsection.2.2.5.1}{\376\377\000D\000o\000c\000k\000e\000r}{subsubsection.2.2.5}% 53
\BOOKMARK [4][-]{subsubsubsection.2.2.5.2}{\376\377\000S\000t\000r\000u\000m\000e\000n\000t\000i}{subsubsection.2.2.5}% 54
\BOOKMARK [1][-]{section.3}{\376\377\000P\000r\000o\000c\000e\000s\000s\000i\000\040\000d\000i\000\040\000s\000u\000p\000p\000o\000r\000t\000o}{}% 55
\BOOKMARK [2][-]{subsection.3.1}{\376\377\000D\000o\000c\000u\000m\000e\000n\000t\000a\000z\000i\000o\000n\000e}{section.3}% 56
\BOOKMARK [3][-]{subsubsection.3.1.1}{\376\377\000I\000n\000t\000r\000o\000d\000u\000z\000i\000o\000n\000e}{subsection.3.1}% 57
\BOOKMARK [3][-]{subsubsection.3.1.2}{\376\377\000D\000o\000c\000u\000m\000e\000n\000t\000a\000t\000i\000o\000n\000\040\000a\000s\000\040\000C\000o\000d\000e}{subsection.3.1}% 58
\BOOKMARK [3][-]{subsubsection.3.1.3}{\376\377\000T\000i\000p\000o\000g\000r\000a\000f\000i\000a\000\040\000e\000\040\000s\000o\000r\000g\000e\000n\000t\000e\000\040\000d\000o\000c\000u\000m\000e\000n\000t\000i}{subsection.3.1}% 59
\BOOKMARK [3][-]{subsubsection.3.1.4}{\376\377\000C\000i\000c\000l\000o\000\040\000d\000i\000\040\000v\000i\000t\000a}{subsection.3.1}% 60
\BOOKMARK [3][-]{subsubsection.3.1.5}{\376\377\000P\000r\000o\000c\000e\000d\000u\000r\000e\000\040\000c\000o\000r\000r\000e\000l\000a\000t\000e\000\040\000a\000l\000l\000a\000\040\000r\000e\000d\000a\000z\000i\000o\000n\000e\000\040\000d\000i\000\040\000d\000o\000c\000u\000m\000e\000n\000t\000i}{subsection.3.1}% 61
\BOOKMARK [4][-]{subsubsubsection.3.1.5.1}{\376\377\000I\000\040\000r\000e\000d\000a\000t\000t\000o\000r\000i}{subsubsection.3.1.5}% 62
\BOOKMARK [4][-]{subsubsubsection.3.1.5.2}{\376\377\000I\000\040\000v\000e\000r\000i\000f\000i\000c\000a\000t\000o\000r\000i}{subsubsection.3.1.5}% 63
\BOOKMARK [4][-]{subsubsubsection.3.1.5.3}{\376\377\000I\000l\000\040\000r\000e\000s\000p\000o\000n\000s\000a\000b\000i\000l\000e}{subsubsection.3.1.5}% 64
\BOOKMARK [4][-]{subsubsubsection.3.1.5.4}{\376\377\000L\000'\000a\000m\000m\000i\000n\000i\000s\000t\000r\000a\000t\000o\000r\000e}{subsubsection.3.1.5}% 65
\BOOKMARK [3][-]{subsubsection.3.1.6}{\376\377\000S\000t\000r\000u\000t\000t\000u\000r\000a\000\040\000d\000e\000l\000\040\000d\000o\000c\000u\000m\000e\000n\000t\000o}{subsection.3.1}% 66
\BOOKMARK [4][-]{subsubsubsection.3.1.6.1}{\376\377\000P\000r\000i\000m\000a\000\040\000p\000a\000g\000i\000n\000a}{subsubsection.3.1.6}% 67
\BOOKMARK [4][-]{subsubsubsection.3.1.6.2}{\376\377\000R\000e\000g\000i\000s\000t\000r\000o\000\040\000d\000e\000l\000l\000e\000\040\000m\000o\000d\000i\000f\000i\000c\000h\000e}{subsubsection.3.1.6}% 68
\BOOKMARK [4][-]{subsubsubsection.3.1.6.3}{\376\377\000I\000n\000d\000i\000c\000e}{subsubsection.3.1.6}% 69
\BOOKMARK [4][-]{subsubsubsection.3.1.6.4}{\376\377\000I\000n\000t\000e\000s\000t\000a\000z\000i\000o\000n\000e}{subsubsection.3.1.6}% 70
\BOOKMARK [4][-]{subsubsubsection.3.1.6.5}{\376\377\000V\000e\000r\000b\000a\000l\000i\000:\000\040\000s\000t\000r\000u\000t\000t\000u\000r\000a\000\040\000g\000e\000n\000e\000r\000a\000l\000e}{subsubsection.3.1.6}% 71
\BOOKMARK [3][-]{subsubsection.3.1.7}{\376\377\000N\000o\000r\000m\000e\000\040\000t\000i\000p\000o\000g\000r\000a\000f\000i\000c\000h\000e}{subsection.3.1}% 72
\BOOKMARK [3][-]{subsubsection.3.1.8}{\376\377\000A\000b\000b\000r\000e\000v\000i\000a\000z\000i\000o\000n\000i}{subsection.3.1}% 73
\BOOKMARK [3][-]{subsubsection.3.1.9}{\376\377\000S\000t\000r\000u\000m\000e\000n\000t\000i}{subsection.3.1}% 74
\BOOKMARK [2][-]{subsection.3.2}{\376\377\000V\000e\000r\000i\000f\000i\000c\000a}{section.3}% 75
\BOOKMARK [3][-]{subsubsection.3.2.1}{\376\377\000I\000n\000t\000r\000o\000d\000u\000z\000i\000o\000n\000e}{subsection.3.2}% 76
\BOOKMARK [3][-]{subsubsection.3.2.2}{\376\377\000V\000e\000r\000i\000f\000i\000c\000a\000\040\000d\000e\000i\000\040\000d\000o\000c\000u\000m\000e\000n\000t\000i}{subsection.3.2}% 77
\BOOKMARK [3][-]{subsubsection.3.2.3}{\376\377\000A\000n\000a\000l\000i\000s\000i}{subsection.3.2}% 78
\BOOKMARK [4][-]{subsubsubsection.3.2.3.1}{\376\377\000A\000n\000a\000l\000i\000s\000i\000\040\000s\000t\000a\000t\000i\000c\000a}{subsubsection.3.2.3}% 79
\BOOKMARK [4][-]{subsubsubsection.3.2.3.2}{\376\377\000W\000a\000l\000k\000t\000h\000r\000o\000u\000g\000h}{subsubsection.3.2.3}% 80
\BOOKMARK [4][-]{subsubsubsection.3.2.3.3}{\376\377\000I\000n\000s\000p\000e\000c\000t\000i\000o\000n}{subsubsection.3.2.3}% 81
\BOOKMARK [4][-]{subsubsubsection.3.2.3.4}{\376\377\000A\000n\000a\000l\000i\000s\000i\000\040\000d\000i\000n\000a\000m\000i\000c\000a}{subsubsection.3.2.3}% 82
\BOOKMARK [3][-]{subsubsection.3.2.4}{\376\377\000T\000e\000s\000t\000i\000n\000g}{subsection.3.2}% 83
\BOOKMARK [4][-]{subsubsubsection.3.2.4.1}{\376\377\000T\000e\000s\000t\000\040\000d\000i\000\040\000u\000n\000i\000t\000\340}{subsubsection.3.2.4}% 84
\BOOKMARK [4][-]{subsubsubsection.3.2.4.2}{\376\377\000T\000e\000s\000t\000\040\000d\000i\000\040\000i\000n\000t\000e\000g\000r\000a\000z\000i\000o\000n\000e}{subsubsection.3.2.4}% 85
\BOOKMARK [4][-]{subsubsubsection.3.2.4.3}{\376\377\000T\000e\000s\000t\000\040\000d\000i\000\040\000s\000i\000s\000t\000e\000m\000a}{subsubsection.3.2.4}% 86
\BOOKMARK [4][-]{subsubsubsection.3.2.4.4}{\376\377\000T\000e\000s\000t\000\040\000d\000i\000\040\000r\000e\000g\000r\000e\000s\000s\000i\000o\000n\000e}{subsubsection.3.2.4}% 87
\BOOKMARK [4][-]{subsubsubsection.3.2.4.5}{\376\377\000T\000e\000s\000t\000\040\000d\000i\000\040\000a\000c\000c\000e\000t\000t\000a\000z\000i\000o\000n\000e}{subsubsection.3.2.4}% 88
\BOOKMARK [4][-]{subsubsubsection.3.2.4.6}{\376\377\000S\000e\000q\000u\000e\000n\000z\000a\000\040\000d\000e\000l\000l\000e\000\040\000f\000a\000s\000i\000\040\000d\000i\000\040\000t\000e\000s\000t}{subsubsection.3.2.4}% 89
\BOOKMARK [4][-]{subsubsubsection.3.2.4.7}{\376\377\000C\000o\000d\000i\000c\000i\000\040\000d\000e\000i\000\040\000t\000e\000s\000t}{subsubsection.3.2.4}% 90
\BOOKMARK [4][-]{subsubsubsection.3.2.4.8}{\376\377\000S\000t\000a\000t\000o\000\040\000d\000e\000i\000\040\000t\000e\000s\000t}{subsubsection.3.2.4}% 91
\BOOKMARK [2][-]{subsection.3.3}{\376\377\000V\000a\000l\000i\000d\000a\000z\000i\000o\000n\000e}{section.3}% 92
\BOOKMARK [3][-]{subsubsection.3.3.1}{\376\377\000I\000n\000t\000r\000o\000d\000u\000z\000i\000o\000n\000e}{subsection.3.3}% 93
\BOOKMARK [3][-]{subsubsection.3.3.2}{\376\377\000P\000r\000o\000c\000e\000d\000u\000r\000a\000\040\000d\000i\000\040\000v\000a\000l\000i\000d\000a\000z\000i\000o\000n\000e}{subsection.3.3}% 94
\BOOKMARK [2][-]{subsection.3.4}{\376\377\000G\000e\000s\000t\000i\000o\000n\000e\000\040\000d\000e\000l\000l\000a\000\040\000c\000o\000n\000f\000i\000g\000u\000r\000a\000z\000i\000o\000n\000e}{section.3}% 95
\BOOKMARK [3][-]{subsubsection.3.4.1}{\376\377\000I\000n\000t\000r\000o\000d\000u\000z\000i\000o\000n\000e}{subsection.3.4}% 96
\BOOKMARK [3][-]{subsubsection.3.4.2}{\376\377\000V\000e\000r\000s\000i\000o\000n\000a\000m\000e\000n\000t\000o}{subsection.3.4}% 97
\BOOKMARK [3][-]{subsubsection.3.4.3}{\376\377\000R\000e\000p\000o\000s\000i\000t\000o\000r\000y}{subsection.3.4}% 98
\BOOKMARK [4][-]{subsubsubsection.3.4.3.1}{\376\377\000S\000t\000r\000u\000t\000t\000u\000r\000a\000\040\000r\000e\000p\000o\000s\000i\000t\000o\000r\000y}{subsubsection.3.4.3}% 99
\BOOKMARK [3][-]{subsubsection.3.4.4}{\376\377\000S\000i\000n\000c\000r\000o\000n\000i\000z\000z\000a\000z\000i\000o\000n\000e\000\040\000e\000\040\000b\000r\000a\000n\000c\000h\000i\000n\000g}{subsection.3.4}% 100
\BOOKMARK [4][-]{subsubsubsection.3.4.4.1}{\376\377\000D\000o\000c\000u\000m\000e\000n\000t\000a\000z\000i\000o\000n\000e}{subsubsection.3.4.4}% 101
\BOOKMARK [4][-]{subsubsubsection.3.4.4.2}{\376\377\000S\000v\000i\000l\000u\000p\000p\000o}{subsubsection.3.4.4}% 102
\BOOKMARK [4][-]{subsubsubsection.3.4.4.3}{\376\377\000P\000u\000l\000l\000\040\000R\000e\000q\000u\000e\000s\000t}{subsubsection.3.4.4}% 103
\BOOKMARK [3][-]{subsubsection.3.4.5}{\376\377\000C\000o\000n\000t\000r\000o\000l\000l\000o\000\040\000d\000i\000\040\000c\000o\000n\000f\000i\000g\000u\000r\000a\000z\000i\000o\000n\000e}{subsection.3.4}% 104
\BOOKMARK [4][-]{subsubsubsection.3.4.5.1}{\376\377\000C\000h\000a\000n\000g\000e\000\040\000R\000e\000q\000u\000e\000s\000t}{subsubsection.3.4.5}% 105
\BOOKMARK [3][-]{subsubsection.3.4.6}{\376\377\000C\000o\000n\000t\000a\000b\000i\000l\000i\000t\000\340\000\040\000d\000e\000l\000l\000o\000\040\000S\000t\000a\000t\000o\000\040\000d\000i\000\040\000C\000o\000n\000f\000i\000g\000u\000r\000a\000z\000i\000o\000n\000e}{subsection.3.4}% 106
\BOOKMARK [3][-]{subsubsection.3.4.7}{\376\377\000R\000e\000l\000e\000a\000s\000e\000\040\000m\000a\000n\000a\000g\000e\000m\000e\000n\000t\000\040\000a\000n\000d\000\040\000d\000e\000l\000i\000v\000e\000r\000y}{subsection.3.4}% 107
\BOOKMARK [4][-]{subsubsubsection.3.4.7.1}{\376\377\000P\000r\000o\000c\000e\000d\000u\000r\000a\000\040\000p\000e\000r\000\040\000l\000a\000\040\000c\000r\000e\000a\000z\000i\000o\000n\000e\000\040\000d\000i\000\040\000u\000n\000a\000\040\000r\000e\000l\000e\000a\000s\000e}{subsubsection.3.4.7}% 108
\BOOKMARK [2][-]{subsection.3.5}{\376\377\000J\000o\000i\000n\000t\000\040\000r\000e\000v\000i\000e\000w}{section.3}% 109
\BOOKMARK [3][-]{subsubsection.3.5.1}{\376\377\000I\000n\000t\000r\000o\000d\000u\000z\000i\000o\000n\000e}{subsection.3.5}% 110
\BOOKMARK [3][-]{subsubsection.3.5.2}{\376\377\000I\000m\000p\000l\000e\000m\000e\000n\000t\000a\000z\000i\000o\000n\000e\000\040\000d\000e\000l\000\040\000p\000r\000o\000c\000e\000s\000s\000o}{subsection.3.5}% 111
\BOOKMARK [4][-]{subsubsubsection.3.5.2.1}{\376\377\000R\000e\000v\000i\000s\000i\000o\000n\000i\000\040\000p\000e\000r\000i\000o\000d\000i\000c\000h\000e}{subsubsection.3.5.2}% 112
\BOOKMARK [4][-]{subsubsubsection.3.5.2.2}{\376\377\000S\000A\000L}{subsubsection.3.5.2}% 113
\BOOKMARK [4][-]{subsubsubsection.3.5.2.3}{\376\377\000R\000e\000v\000i\000s\000i\000o\000n\000i\000\040\000a\000d\000\040\000h\000o\000c}{subsubsection.3.5.2}% 114
\BOOKMARK [4][-]{subsubsubsection.3.5.2.4}{\376\377\000R\000i\000s\000o\000r\000s\000e\000\040\000p\000e\000r\000\040\000l\000e\000\040\000r\000e\000v\000i\000s\000i\000o\000n\000i}{subsubsection.3.5.2}% 115
\BOOKMARK [4][-]{subsubsubsection.3.5.2.5}{\376\377\000E\000l\000e\000m\000e\000n\000t\000i\000\040\000d\000a\000\040\000c\000o\000n\000c\000o\000r\000d\000a\000r\000e}{subsubsection.3.5.2}% 116
\BOOKMARK [4][-]{subsubsubsection.3.5.2.6}{\376\377\000D\000o\000c\000u\000m\000e\000n\000t\000i\000\040\000e\000\040\000d\000i\000s\000t\000r\000i\000b\000u\000z\000i\000o\000n\000e\000\040\000d\000e\000i\000\040\000r\000i\000s\000u\000l\000t\000a\000t\000i}{subsubsection.3.5.2}% 117
\BOOKMARK [3][-]{subsubsection.3.5.3}{\376\377\000P\000r\000o\000j\000e\000c\000t\000\040\000m\000a\000n\000a\000g\000e\000m\000e\000n\000t\000\040\000r\000e\000v\000i\000e\000w\000s}{subsection.3.5}% 118
\BOOKMARK [4][-]{subsubsubsection.3.5.3.1}{\376\377\000I\000n\000t\000r\000o\000d\000u\000z\000i\000o\000n\000e}{subsubsection.3.5.3}% 119
\BOOKMARK [4][-]{subsubsubsection.3.5.3.2}{\376\377\000S\000t\000a\000t\000o\000\040\000d\000e\000l\000\040\000p\000r\000o\000g\000e\000t\000t\000o}{subsubsection.3.5.3}% 120
\BOOKMARK [3][-]{subsubsection.3.5.4}{\376\377\000R\000e\000v\000i\000s\000i\000o\000n\000i\000\040\000t\000e\000c\000n\000i\000c\000h\000e}{subsection.3.5}% 121
\BOOKMARK [3][-]{subsubsection.3.5.5}{\376\377\000S\000t\000r\000u\000m\000e\000n\000t\000i}{subsection.3.5}% 122
\BOOKMARK [2][-]{subsection.3.6}{\376\377\000R\000i\000s\000o\000l\000u\000z\000i\000o\000n\000e\000\040\000d\000e\000i\000\040\000p\000r\000o\000b\000l\000e\000m\000i}{section.3}% 123
\BOOKMARK [3][-]{subsubsection.3.6.1}{\376\377\000I\000n\000t\000r\000o\000d\000u\000z\000i\000o\000n\000e}{subsection.3.6}% 124
\BOOKMARK [3][-]{subsubsection.3.6.2}{\376\377\000G\000e\000s\000t\000i\000o\000n\000e\000\040\000d\000e\000i\000\040\000r\000i\000s\000c\000h\000i}{subsection.3.6}% 125
\BOOKMARK [4][-]{subsubsubsection.3.6.2.1}{\376\377\000C\000o\000d\000i\000f\000i\000c\000a\000\040\000d\000e\000i\000\040\000r\000i\000s\000c\000h\000i}{subsubsection.3.6.2}% 126
\BOOKMARK [4][-]{subsubsubsection.3.6.2.2}{\376\377\000M\000e\000t\000r\000i\000c\000h\000e}{subsubsection.3.6.2}% 127
\BOOKMARK [3][-]{subsubsection.3.6.3}{\376\377\000I\000d\000e\000n\000t\000i\000f\000i\000c\000a\000z\000i\000o\000n\000e\000\040\000d\000e\000i\000\040\000p\000r\000o\000b\000l\000e\000m\000i}{subsection.3.6}% 128
\BOOKMARK [3][-]{subsubsection.3.6.4}{\376\377\000S\000t\000r\000u\000m\000e\000n\000t\000i}{subsection.3.6}% 129
\BOOKMARK [2][-]{subsection.3.7}{\376\377\000G\000e\000s\000t\000i\000o\000n\000e\000\040\000d\000e\000l\000l\000a\000\040\000q\000u\000a\000l\000i\000t\000\340}{section.3}% 130
\BOOKMARK [3][-]{subsubsection.3.7.1}{\376\377\000I\000n\000t\000r\000o\000d\000u\000z\000i\000o\000n\000e}{subsection.3.7}% 131
\BOOKMARK [3][-]{subsubsection.3.7.2}{\376\377\000A\000t\000t\000i\000v\000i\000t\000\340}{subsection.3.7}% 132
\BOOKMARK [3][-]{subsubsection.3.7.3}{\376\377\000P\000i\000a\000n\000o\000\040\000d\000i\000\040\000q\000u\000a\000l\000i\000f\000i\000c\000a}{subsection.3.7}% 133
\BOOKMARK [3][-]{subsubsection.3.7.4}{\376\377\000P\000D\000C\000A}{subsection.3.7}% 134
\BOOKMARK [3][-]{subsubsection.3.7.5}{\376\377\000S\000t\000r\000u\000m\000e\000n\000t\000i}{subsection.3.7}% 135
\BOOKMARK [3][-]{subsubsection.3.7.6}{\376\377\000S\000t\000r\000u\000t\000t\000u\000r\000a\000\040\000e\000\040\000i\000d\000e\000n\000t\000i\000f\000i\000c\000a\000z\000i\000o\000n\000i\000\040\000m\000e\000t\000r\000i\000c\000h\000e}{subsection.3.7}% 136
\BOOKMARK [3][-]{subsubsection.3.7.7}{\376\377\000C\000r\000i\000t\000e\000r\000i\000\040\000d\000i\000\040\000a\000c\000c\000e\000t\000t\000a\000z\000i\000o\000n\000e}{subsection.3.7}% 137
\BOOKMARK [3][-]{subsubsection.3.7.8}{\376\377\000M\000e\000t\000r\000i\000c\000h\000e}{subsection.3.7}% 138
\BOOKMARK [1][-]{section.4}{\376\377\000P\000r\000o\000c\000e\000s\000s\000i\000\040\000o\000r\000g\000a\000n\000i\000z\000z\000a\000t\000i\000v\000i}{}% 139
\BOOKMARK [2][-]{subsection.4.1}{\376\377\000G\000e\000s\000t\000i\000o\000n\000e\000\040\000d\000e\000i\000\040\000p\000r\000o\000c\000e\000s\000s\000i}{section.4}% 140
\BOOKMARK [3][-]{subsubsection.4.1.1}{\376\377\000I\000n\000t\000r\000o\000d\000u\000z\000i\000o\000n\000e}{subsection.4.1}% 141
\BOOKMARK [3][-]{subsubsection.4.1.2}{\376\377\000P\000i\000a\000n\000i\000f\000i\000c\000a\000z\000i\000o\000n\000e}{subsection.4.1}% 142
\BOOKMARK [4][-]{subsubsubsection.4.1.2.1}{\376\377\000D\000e\000s\000c\000r\000i\000z\000i\000o\000n\000e}{subsubsection.4.1.2}% 143
\BOOKMARK [4][-]{subsubsubsection.4.1.2.2}{\376\377\000O\000b\000i\000e\000t\000t\000i\000v\000i}{subsubsection.4.1.2}% 144
\BOOKMARK [4][-]{subsubsubsection.4.1.2.3}{\376\377\000A\000s\000s\000e\000g\000n\000a\000z\000i\000o\000n\000e\000\040\000d\000e\000i\000\040\000r\000u\000o\000l\000i}{subsubsection.4.1.2}% 145
\BOOKMARK [4][-]{subsubsubsection.4.1.2.4}{\376\377\000R\000e\000s\000p\000o\000n\000s\000a\000b\000i\000l\000e}{subsubsection.4.1.2}% 146
\BOOKMARK [4][-]{subsubsubsection.4.1.2.5}{\376\377\000A\000m\000m\000i\000n\000i\000s\000t\000r\000a\000t\000o\000r\000e}{subsubsection.4.1.2}% 147
\BOOKMARK [4][-]{subsubsubsection.4.1.2.6}{\376\377\000A\000n\000a\000l\000i\000s\000t\000a}{subsubsection.4.1.2}% 148
\BOOKMARK [4][-]{subsubsubsection.4.1.2.7}{\376\377\000P\000r\000o\000g\000e\000t\000t\000i\000s\000t\000a}{subsubsection.4.1.2}% 149
\BOOKMARK [4][-]{subsubsubsection.4.1.2.8}{\376\377\000P\000r\000o\000g\000r\000a\000m\000m\000a\000t\000o\000r\000e}{subsubsection.4.1.2}% 150
\BOOKMARK [4][-]{subsubsubsection.4.1.2.9}{\376\377\000V\000e\000r\000i\000f\000i\000c\000a\000t\000o\000r\000e}{subsubsection.4.1.2}% 151
\BOOKMARK [4][-]{subsubsubsection.4.1.2.10}{\376\377\000T\000i\000c\000k\000e\000t\000i\000n\000g}{subsubsection.4.1.2}% 152
\BOOKMARK [4][-]{subsubsubsection.4.1.2.11}{\376\377\000S\000t\000r\000u\000m\000e\000n\000t\000i}{subsubsection.4.1.2}% 153
\BOOKMARK [3][-]{subsubsection.4.1.3}{\376\377\000C\000o\000o\000r\000d\000i\000n\000a\000m\000e\000n\000t\000o}{subsection.4.1}% 154
\BOOKMARK [4][-]{subsubsubsection.4.1.3.1}{\376\377\000D\000e\000s\000c\000r\000i\000z\000i\000o\000n\000e}{subsubsection.4.1.3}% 155
\BOOKMARK [4][-]{subsubsubsection.4.1.3.2}{\376\377\000O\000b\000i\000e\000t\000t\000i\000v\000i}{subsubsection.4.1.3}% 156
\BOOKMARK [4][-]{subsubsubsection.4.1.3.3}{\376\377\000C\000o\000m\000u\000n\000i\000c\000a\000z\000i\000o\000n\000i\000\040\000s\000i\000n\000c\000r\000o\000n\000e}{subsubsection.4.1.3}% 157
\BOOKMARK [4][-]{subsubsubsection.4.1.3.4}{\376\377\000C\000o\000m\000u\000n\000i\000c\000a\000z\000i\000o\000n\000i\000\040\000a\000s\000i\000n\000c\000r\000o\000n\000e}{subsubsection.4.1.3}% 158
\BOOKMARK [4][-]{subsubsubsection.4.1.3.5}{\376\377\000R\000i\000u\000n\000i\000o\000n\000i\000\040\000i\000n\000t\000e\000r\000n\000e}{subsubsection.4.1.3}% 159
\BOOKMARK [4][-]{subsubsubsection.4.1.3.6}{\376\377\000R\000i\000u\000n\000i\000o\000n\000i\000\040\000e\000s\000t\000e\000r\000n\000e}{subsubsection.4.1.3}% 160
\BOOKMARK [4][-]{subsubsubsection.4.1.3.7}{\376\377\000S\000t\000r\000u\000m\000e\000n\000t\000i}{subsubsection.4.1.3}% 161
\BOOKMARK [4][-]{subsubsubsection.4.1.3.8}{\376\377\000M\000e\000t\000r\000i\000c\000h\000e}{subsubsection.4.1.3}% 162
\BOOKMARK [2][-]{subsection.4.2}{\376\377\000M\000i\000g\000l\000i\000o\000r\000a\000m\000e\000n\000t\000o}{section.4}% 163
\BOOKMARK [3][-]{subsubsection.4.2.1}{\376\377\000I\000n\000t\000r\000o\000d\000u\000z\000i\000o\000n\000e}{subsection.4.2}% 164
\BOOKMARK [3][-]{subsubsection.4.2.2}{\376\377\000A\000n\000a\000l\000i\000s\000i}{subsection.4.2}% 165
\BOOKMARK [3][-]{subsubsection.4.2.3}{\376\377\000M\000i\000g\000l\000i\000o\000r\000a\000m\000e\000n\000t\000o}{subsection.4.2}% 166
\BOOKMARK [2][-]{subsection.4.3}{\376\377\000F\000o\000r\000m\000a\000z\000i\000o\000n\000e}{section.4}% 167
\BOOKMARK [3][-]{subsubsection.4.3.1}{\376\377\000I\000n\000t\000r\000o\000d\000u\000z\000i\000o\000n\000e}{subsection.4.3}% 168
\BOOKMARK [3][-]{subsubsection.4.3.2}{\376\377\000M\000e\000t\000o\000d\000o\000\040\000d\000i\000\040\000f\000o\000r\000m\000a\000z\000i\000o\000n\000e}{subsection.4.3}% 169
\BOOKMARK [4][-]{subsubsubsection.4.3.2.1}{\376\377\000I\000n\000d\000i\000v\000i\000d\000u\000a\000l\000e}{subsubsection.4.3.2}% 170
\BOOKMARK [4][-]{subsubsubsection.4.3.2.2}{\376\377\000G\000r\000u\000p\000p\000o}{subsubsection.4.3.2}% 171
\BOOKMARK [1][-]{section.5}{\376\377\000S\000t\000a\000n\000d\000a\000r\000d\000\040\000p\000e\000r\000\040\000l\000a\000\040\000q\000u\000a\000l\000i\000t\000\340}{}% 172
\BOOKMARK [2][-]{subsection.5.1}{\376\377\000C\000a\000r\000a\000t\000t\000e\000r\000i\000s\000t\000i\000c\000h\000e\000\040\000d\000e\000l\000\040\000s\000i\000s\000t\000e\000m\000a\000\040\000I\000S\000O\000/\000I\000E\000C\000\040\0002\0005\0000\0001\0000\000:\0002\0000\0002\0003}{section.5}% 173
\BOOKMARK [3][-]{subsubsection.5.1.1}{\376\377\000A\000p\000p\000r\000o\000p\000r\000i\000a\000t\000e\000z\000z\000a\000\040\000f\000u\000n\000z\000i\000o\000n\000a\000l\000e}{subsection.5.1}% 174
\BOOKMARK [3][-]{subsubsection.5.1.2}{\376\377\000P\000e\000r\000f\000o\000r\000m\000a\000n\000c\000e}{subsection.5.1}% 175
\BOOKMARK [3][-]{subsubsection.5.1.3}{\376\377\000C\000o\000m\000p\000a\000t\000i\000b\000i\000l\000i\000t\000\340}{subsection.5.1}% 176
\BOOKMARK [3][-]{subsubsection.5.1.4}{\376\377\000U\000s\000a\000b\000i\000l\000i\000t\000\340}{subsection.5.1}% 177
\BOOKMARK [3][-]{subsubsection.5.1.5}{\376\377\000A\000f\000f\000i\000d\000a\000b\000i\000l\000i\000t\000\340}{subsection.5.1}% 178
\BOOKMARK [3][-]{subsubsection.5.1.6}{\376\377\000S\000i\000c\000u\000r\000e\000z\000z\000a}{subsection.5.1}% 179
\BOOKMARK [3][-]{subsubsection.5.1.7}{\376\377\000M\000a\000n\000u\000t\000e\000n\000i\000b\000i\000l\000i\000t\000\340}{subsection.5.1}% 180
\BOOKMARK [3][-]{subsubsection.5.1.8}{\376\377\000P\000o\000r\000t\000a\000b\000i\000l\000i\000t\000\340}{subsection.5.1}% 181
\BOOKMARK [2][-]{subsection.5.2}{\376\377\000S\000u\000d\000d\000i\000v\000i\000s\000i\000o\000n\000e\000\040\000s\000e\000c\000o\000n\000d\000o\000\040\000s\000t\000a\000n\000d\000a\000r\000d\000\040\000I\000S\000O\000/\000I\000E\000C\000\040\0001\0002\0002\0000\0007\000:\0001\0009\0009\0005}{section.5}% 182
\BOOKMARK [3][-]{subsubsection.5.2.1}{\376\377\000P\000r\000o\000c\000e\000s\000s\000i\000\040\000p\000r\000i\000m\000a\000r\000i}{subsection.5.2}% 183
\BOOKMARK [3][-]{subsubsection.5.2.2}{\376\377\000P\000r\000o\000c\000e\000s\000s\000i\000\040\000d\000i\000\040\000s\000u\000p\000p\000o\000r\000t\000o}{subsection.5.2}% 184
\BOOKMARK [3][-]{subsubsection.5.2.3}{\376\377\000P\000r\000o\000c\000e\000s\000s\000i\000\040\000o\000r\000g\000a\000n\000i\000z\000z\000a\000t\000i\000v\000i}{subsection.5.2}% 185
\BOOKMARK [1][-]{section.6}{\376\377\000M\000e\000t\000r\000i\000c\000h\000e\000\040\000d\000i\000\040\000q\000u\000a\000l\000i\000t\000\340}{}% 186
\BOOKMARK [2][-]{subsection.6.1}{\376\377\000M\000e\000t\000r\000i\000c\000h\000e\000\040\000p\000e\000r\000\040\000l\000a\000\040\000q\000u\000a\000l\000i\000t\000\340\000\040\000d\000i\000\040\000p\000r\000o\000c\000e\000s\000s\000o}{section.6}% 187
\BOOKMARK [2][-]{subsection.6.2}{\376\377\000M\000e\000t\000r\000i\000c\000h\000e\000\040\000p\000e\000r\000\040\000l\000a\000\040\000q\000u\000a\000l\000i\000t\000\340\000\040\000d\000i\000\040\000p\000r\000o\000d\000o\000t\000t\000o}{section.6}% 188
