\BOOKMARK [1][-]{section.1}{\376\377\000I\000n\000t\000r\000o\000d\000u\000z\000i\000o\000n\000e}{}% 1
\BOOKMARK [2][-]{subsection.1.1}{\376\377\000S\000c\000o\000p\000o\000\040\000d\000e\000l\000\040\000d\000o\000c\000u\000m\000e\000n\000t\000o}{section.1}% 2
\BOOKMARK [2][-]{subsection.1.2}{\376\377\000G\000l\000o\000s\000s\000a\000r\000i\000o}{section.1}% 3
\BOOKMARK [2][-]{subsection.1.3}{\376\377\000R\000i\000f\000e\000r\000i\000m\000e\000n\000t\000i}{section.1}% 4
\BOOKMARK [3][-]{subsubsection.1.3.1}{\376\377\000N\000o\000r\000m\000a\000t\000i\000v\000i}{subsection.1.3}% 5
\BOOKMARK [1][-]{section.2}{\376\377\000D\000e\000s\000c\000r\000i\000z\000i\000o\000n\000e\000\040\000d\000e\000l\000\040\000p\000r\000o\000d\000o\000t\000t\000o}{}% 6
\BOOKMARK [2][-]{subsection.2.1}{\376\377\000O\000b\000i\000e\000t\000t\000i\000v\000i\000\040\000d\000e\000l\000\040\000p\000r\000o\000d\000o\000t\000t\000o}{section.2}% 7
\BOOKMARK [2][-]{subsection.2.2}{\376\377\000F\000u\000n\000z\000i\000o\000n\000a\000l\000i\000t\000\340\000\040\000d\000e\000l\000\040\000p\000r\000o\000d\000o\000t\000t\000o}{section.2}% 8
\BOOKMARK [2][-]{subsection.2.3}{\376\377\000C\000a\000r\000a\000t\000t\000e\000r\000i\000s\000t\000i\000c\000h\000e\000\040\000d\000e\000g\000l\000i\000\040\000u\000t\000e\000n\000t\000i}{section.2}% 9
\BOOKMARK [2][-]{subsection.2.4}{\376\377\000T\000e\000c\000n\000o\000l\000o\000g\000i\000e}{section.2}% 10
\BOOKMARK [1][-]{section.3}{\376\377\000C\000a\000s\000i\000\040\000d\000'\000u\000s\000o}{}% 11
\BOOKMARK [2][-]{subsection.3.1}{\376\377\000I\000n\000t\000r\000o\000d\000u\000z\000i\000o\000n\000e}{section.3}% 12
\BOOKMARK [2][-]{subsection.3.2}{\376\377\000A\000t\000t\000o\000r\000i}{section.3}% 13
\BOOKMARK [2][-]{subsection.3.3}{\376\377\000E\000l\000e\000n\000c\000o\000\040\000d\000e\000i\000\040\000c\000a\000s\000i\000\040\000d\000'\000u\000s\000o}{section.3}% 14
\BOOKMARK [3][-]{subsubsection.3.3.1}{\376\377\000U\000C\0001\000:\000\040\000R\000e\000g\000i\000s\000t\000r\000a\000z\000i\000o\000n\000e}{subsection.3.3}% 15
\BOOKMARK [1][-]{section.4}{\376\377\000R\000e\000q\000u\000i\000s\000i\000t\000i}{}% 16
\BOOKMARK [2][-]{subsection.4.1}{\376\377\000R\000e\000q\000u\000i\000s\000i\000t\000i\000\040\000f\000u\000n\000z\000i\000o\000n\000a\000l\000i}{section.4}% 17
\BOOKMARK [2][-]{subsection.4.2}{\376\377\000R\000e\000q\000u\000i\000s\000i\000t\000i\000\040\000q\000u\000a\000l\000i\000t\000a\000t\000i\000v\000i}{section.4}% 18
\BOOKMARK [2][-]{subsection.4.3}{\376\377\000R\000e\000q\000u\000i\000s\000i\000t\000i\000\040\000d\000i\000\040\000v\000i\000n\000c\000o\000l\000o}{section.4}% 19
\BOOKMARK [2][-]{subsection.4.4}{\376\377\000R\000e\000q\000u\000i\000s\000i\000t\000i\000\040\000p\000r\000e\000s\000t\000a\000z\000i\000o\000n\000a\000l\000i}{section.4}% 20
\BOOKMARK [2][-]{subsection.4.5}{\376\377\000T\000r\000a\000c\000c\000i\000a\000m\000e\000n\000t\000o}{section.4}% 21
\BOOKMARK [3][-]{subsubsection.4.5.1}{\376\377\000R\000e\000q\000u\000i\000s\000i\000t\000o\000\040\000-\000\040\000F\000o\000n\000t\000e}{subsection.4.5}% 22
\BOOKMARK [3][-]{subsubsection.4.5.2}{\376\377\000F\000o\000n\000t\000e\000\040\000-\000\040\000R\000e\000q\000u\000i\000s\000i\000t\000o}{subsection.4.5}% 23
\BOOKMARK [2][-]{subsection.4.6}{\376\377\000R\000i\000e\000p\000i\000l\000o\000g\000o}{section.4}% 24
